# JRE version: OpenJDK Runtime Environment (21.0.5) (build 21.0.5+-12932927-b750.29)
# Java VM: OpenJDK 64-Bit Server VM (21.0.5+-12932927-b750.29, mixed mode, tiered, compressed oops, compressed class ptrs, g1 gc, windows-amd64)
GC Precious Log:
 CardTable entry size: 512
 Card Set container configuration: InlinePtr #cards 5 size 8 Array Of Cards #cards 12 size 40 Howl #buckets 4 coarsen threshold 1843 Howl Bitmap #cards 512 size 80 coarsen threshold 460 Card regions per heap region 1 cards per card region 2048
 CPUs: 16 total, 16 available
 Memory: 24270M
 Large Page Support: Disabled
 NUMA Support: Disabled
 Compressed Oops: Enabled (32-bit)
 Heap Region Size: 1M
 Heap Min Capacity: 8M
 Heap Initial Capacity: 380M
 Heap Max Capacity: 2G
 Pre-touch: Disabled
 Parallel Workers: 13
 Concurrent Workers: 3
 Concurrent Refinement Workers: 13
 Periodic GC: Disabled
Heap:
 garbage-first heap   total 496640K, used 316125K [0x0000000080000000, 0x0000000100000000)
  region size 1024K, 20 young (20480K), 10 survivors (10240K)
 Metaspace       used 222055K, committed 229696K, reserved 1310720K
  class space    used 27108K, committed 29760K, reserved 1048576K
GC Heap History (20 events):
Event: 564.116 GC heap before
{Heap before GC invocations=68 (full 0):
 garbage-first heap   total 447488K, used 408502K [0x0000000080000000, 0x0000000100000000)
  region size 1024K, 133 young (136192K), 4 survivors (4096K)
 Metaspace       used 210376K, committed 213376K, reserved 1245184K
  class space    used 26546K, committed 28096K, reserved 1048576K
}
Event: 564.130 GC heap after
{Heap after GC invocations=69 (full 0):
 garbage-first heap   total 447488K, used 289793K [0x0000000080000000, 0x0000000100000000)
  region size 1024K, 16 young (16384K), 16 survivors (16384K)
 Metaspace       used 210376K, committed 213376K, reserved 1245184K
  class space    used 26546K, committed 28096K, reserved 1048576K
}
Event: 565.774 GC heap before
{Heap before GC invocations=70 (full 0):
 garbage-first heap   total 485376K, used 416769K [0x0000000080000000, 0x0000000100000000)
  region size 1024K, 128 young (131072K), 16 survivors (16384K)
 Metaspace       used 211167K, committed 214208K, reserved 1245184K
  class space    used 26613K, committed 28160K, reserved 1048576K
}
Event: 565.798 GC heap after
{Heap after GC invocations=71 (full 0):
 garbage-first heap   total 485376K, used 309661K [0x0000000080000000, 0x0000000100000000)
  region size 1024K, 16 young (16384K), 16 survivors (16384K)
 Metaspace       used 211167K, committed 214208K, reserved 1245184K
  class space    used 26613K, committed 28160K, reserved 1048576K
}
Event: 566.827 GC heap before
{Heap before GC invocations=71 (full 0):
 garbage-first heap   total 485376K, used 437661K [0x0000000080000000, 0x0000000100000000)
  region size 1024K, 142 young (145408K), 16 survivors (16384K)
 Metaspace       used 215813K, committed 218880K, reserved 1245184K
  class space    used 27044K, committed 28608K, reserved 1048576K
}
Event: 566.843 GC heap after
{Heap after GC invocations=72 (full 0):
 garbage-first heap   total 485376K, used 296384K [0x0000000080000000, 0x0000000100000000)
  region size 1024K, 6 young (6144K), 6 survivors (6144K)
 Metaspace       used 215813K, committed 218880K, reserved 1245184K
  class space    used 27044K, committed 28608K, reserved 1048576K
}
Event: 569.450 GC heap before
{Heap before GC invocations=72 (full 0):
 garbage-first heap   total 485376K, used 429504K [0x0000000080000000, 0x0000000100000000)
  region size 1024K, 138 young (141312K), 6 survivors (6144K)
 Metaspace       used 217775K, committed 220800K, reserved 1245184K
  class space    used 27252K, committed 28800K, reserved 1048576K
}
Event: 569.461 GC heap after
{Heap after GC invocations=73 (full 0):
 garbage-first heap   total 485376K, used 301333K [0x0000000080000000, 0x0000000100000000)
  region size 1024K, 11 young (11264K), 11 survivors (11264K)
 Metaspace       used 217775K, committed 220800K, reserved 1245184K
  class space    used 27252K, committed 28800K, reserved 1048576K
}
Event: 572.832 GC heap before
{Heap before GC invocations=74 (full 0):
 garbage-first heap   total 485376K, used 432405K [0x0000000080000000, 0x0000000100000000)
  region size 1024K, 152 young (155648K), 11 survivors (11264K)
 Metaspace       used 223975K, committed 227136K, reserved 1310720K
  class space    used 27894K, committed 29504K, reserved 1048576K
}
Event: 572.842 GC heap after
{Heap after GC invocations=75 (full 0):
 garbage-first heap   total 485376K, used 287433K [0x0000000080000000, 0x0000000100000000)
  region size 1024K, 10 young (10240K), 10 survivors (10240K)
 Metaspace       used 223975K, committed 227136K, reserved 1310720K
  class space    used 27894K, committed 29504K, reserved 1048576K
}
Event: 753.688 GC heap before
{Heap before GC invocations=75 (full 0):
 garbage-first heap   total 485376K, used 447177K [0x0000000080000000, 0x0000000100000000)
  region size 1024K, 167 young (171008K), 10 survivors (10240K)
 Metaspace       used 224601K, committed 227776K, reserved 1310720K
  class space    used 27957K, committed 29632K, reserved 1048576K
}
Event: 753.717 GC heap after
{Heap after GC invocations=76 (full 0):
 garbage-first heap   total 485376K, used 281317K [0x0000000080000000, 0x0000000100000000)
  region size 1024K, 21 young (21504K), 21 survivors (21504K)
 Metaspace       used 224601K, committed 227776K, reserved 1310720K
  class space    used 27957K, committed 29632K, reserved 1048576K
}
Event: 789.287 GC heap before
{Heap before GC invocations=76 (full 0):
 garbage-first heap   total 485376K, used 436965K [0x0000000080000000, 0x0000000100000000)
  region size 1024K, 174 young (178176K), 21 survivors (21504K)
 Metaspace       used 224893K, committed 228096K, reserved 1310720K
  class space    used 27963K, committed 29632K, reserved 1048576K
}
Event: 789.314 GC heap after
{Heap after GC invocations=77 (full 0):
 garbage-first heap   total 485376K, used 296684K [0x0000000080000000, 0x0000000100000000)
  region size 1024K, 16 young (16384K), 16 survivors (16384K)
 Metaspace       used 224893K, committed 228096K, reserved 1310720K
  class space    used 27963K, committed 29632K, reserved 1048576K
}
Event: 871.790 GC heap before
{Heap before GC invocations=78 (full 0):
 garbage-first heap   total 496640K, used 441068K [0x0000000080000000, 0x0000000100000000)
  region size 1024K, 158 young (161792K), 16 survivors (16384K)
 Metaspace       used 225074K, committed 228288K, reserved 1310720K
  class space    used 27967K, committed 29632K, reserved 1048576K
}
Event: 871.812 GC heap after
{Heap after GC invocations=79 (full 0):
 garbage-first heap   total 496640K, used 309196K [0x0000000080000000, 0x0000000100000000)
  region size 1024K, 15 young (15360K), 15 survivors (15360K)
 Metaspace       used 225074K, committed 228288K, reserved 1310720K
  class space    used 27967K, committed 29632K, reserved 1048576K
}
Event: 1038.627 GC heap before
{Heap before GC invocations=79 (full 0):
 garbage-first heap   total 496640K, used 455628K [0x0000000080000000, 0x0000000100000000)
  region size 1024K, 157 young (160768K), 15 survivors (15360K)
 Metaspace       used 225252K, committed 228480K, reserved 1310720K
  class space    used 27970K, committed 29632K, reserved 1048576K
}
Event: 1038.658 GC heap after
{Heap after GC invocations=80 (full 0):
 garbage-first heap   total 496640K, used 317440K [0x0000000080000000, 0x0000000100000000)
  region size 1024K, 13 young (13312K), 13 survivors (13312K)
 Metaspace       used 225252K, committed 228480K, reserved 1310720K
  class space    used 27970K, committed 29632K, reserved 1048576K
}
Event: 2341.168 GC heap before
{Heap before GC invocations=80 (full 0):
 garbage-first heap   total 496640K, used 456704K [0x0000000080000000, 0x0000000100000000)
  region size 1024K, 150 young (153600K), 13 survivors (13312K)
 Metaspace       used 226189K, committed 229376K, reserved 1310720K
  class space    used 28079K, committed 29696K, reserved 1048576K
}
Event: 2341.218 GC heap after
{Heap after GC invocations=81 (full 0):
 garbage-first heap   total 496640K, used 325341K [0x0000000080000000, 0x0000000100000000)
  region size 1024K, 10 young (10240K), 10 survivors (10240K)
 Metaspace       used 226189K, committed 229376K, reserved 1310720K
  class space    used 28079K, committed 29696K, reserved 1048576K
}

