# JRE version: OpenJDK Runtime Environment (21.0.5) (build 21.0.5+-12932927-b750.29)
# Java VM: OpenJDK 64-Bit Server VM (21.0.5+-12932927-b750.29, mixed mode, tiered, compressed oops, compressed class ptrs, g1 gc, windows-amd64)
GC Precious Log:
 CardTable entry size: 512
 Card Set container configuration: InlinePtr #cards 5 size 8 Array Of Cards #cards 12 size 40 Howl #buckets 4 coarsen threshold 1843 Howl Bitmap #cards 512 size 80 coarsen threshold 460 Card regions per heap region 1 cards per card region 2048
 CPUs: 16 total, 16 available
 Memory: 24270M
 Large Page Support: Disabled
 NUMA Support: Disabled
 Compressed Oops: Enabled (32-bit)
 Heap Region Size: 1M
 Heap Min Capacity: 8M
 Heap Initial Capacity: 380M
 Heap Max Capacity: 2G
 Pre-touch: Disabled
 Parallel Workers: 13
 Concurrent Workers: 3
 Concurrent Refinement Workers: 13
 Periodic GC: Disabled
Heap:
 garbage-first heap   total 333824K, used 220138K [0x0000000080000000, 0x0000000100000000)
  region size 1024K, 76 young (77824K), 8 survivors (8192K)
 Metaspace       used 140742K, committed 143104K, reserved 1179648K
  class space    used 19141K, committed 20352K, reserved 1048576K
GC Heap History (20 events):
Event: 23.208 GC heap before
{Heap before GC invocations=31 (full 0):
 garbage-first heap   total 183296K, used 151383K [0x0000000080000000, 0x0000000100000000)
  region size 1024K, 49 young (50176K), 7 survivors (7168K)
 Metaspace       used 110890K, committed 113024K, reserved 1179648K
  class space    used 15170K, committed 16256K, reserved 1048576K
}
Event: 23.213 GC heap after
{Heap after GC invocations=32 (full 0):
 garbage-first heap   total 183296K, used 111464K [0x0000000080000000, 0x0000000100000000)
  region size 1024K, 4 young (4096K), 4 survivors (4096K)
 Metaspace       used 110890K, committed 113024K, reserved 1179648K
  class space    used 15170K, committed 16256K, reserved 1048576K
}
Event: 23.681 GC heap before
{Heap before GC invocations=32 (full 0):
 garbage-first heap   total 183296K, used 166760K [0x0000000080000000, 0x0000000100000000)
  region size 1024K, 59 young (60416K), 4 survivors (4096K)
 Metaspace       used 111372K, committed 113472K, reserved 1179648K
  class space    used 15269K, committed 16320K, reserved 1048576K
}
Event: 23.689 GC heap after
{Heap after GC invocations=33 (full 0):
 garbage-first heap   total 220160K, used 111858K [0x0000000080000000, 0x0000000100000000)
  region size 1024K, 6 young (6144K), 6 survivors (6144K)
 Metaspace       used 111372K, committed 113472K, reserved 1179648K
  class space    used 15269K, committed 16320K, reserved 1048576K
}
Event: 24.439 GC heap before
{Heap before GC invocations=33 (full 0):
 garbage-first heap   total 220160K, used 194802K [0x0000000080000000, 0x0000000100000000)
  region size 1024K, 88 young (90112K), 6 survivors (6144K)
 Metaspace       used 111693K, committed 113856K, reserved 1179648K
  class space    used 15302K, committed 16384K, reserved 1048576K
}
Event: 24.451 GC heap after
{Heap after GC invocations=34 (full 0):
 garbage-first heap   total 220160K, used 115899K [0x0000000080000000, 0x0000000100000000)
  region size 1024K, 10 young (10240K), 10 survivors (10240K)
 Metaspace       used 111693K, committed 113856K, reserved 1179648K
  class space    used 15302K, committed 16384K, reserved 1048576K
}
Event: 25.017 GC heap before
{Heap before GC invocations=34 (full 0):
 garbage-first heap   total 220160K, used 195771K [0x0000000080000000, 0x0000000100000000)
  region size 1024K, 89 young (91136K), 10 survivors (10240K)
 Metaspace       used 111942K, committed 114112K, reserved 1179648K
  class space    used 15327K, committed 16384K, reserved 1048576K
}
Event: 25.026 GC heap after
{Heap after GC invocations=35 (full 0):
 garbage-first heap   total 220160K, used 119228K [0x0000000080000000, 0x0000000100000000)
  region size 1024K, 10 young (10240K), 10 survivors (10240K)
 Metaspace       used 111942K, committed 114112K, reserved 1179648K
  class space    used 15327K, committed 16384K, reserved 1048576K
}
Event: 25.388 GC heap before
{Heap before GC invocations=35 (full 0):
 garbage-first heap   total 220160K, used 195004K [0x0000000080000000, 0x0000000100000000)
  region size 1024K, 85 young (87040K), 10 survivors (10240K)
 Metaspace       used 112000K, committed 114112K, reserved 1179648K
  class space    used 15330K, committed 16384K, reserved 1048576K
}
Event: 25.398 GC heap after
{Heap after GC invocations=36 (full 0):
 garbage-first heap   total 220160K, used 120745K [0x0000000080000000, 0x0000000100000000)
  region size 1024K, 7 young (7168K), 7 survivors (7168K)
 Metaspace       used 112000K, committed 114112K, reserved 1179648K
  class space    used 15330K, committed 16384K, reserved 1048576K
}
Event: 27.259 GC heap before
{Heap before GC invocations=37 (full 0):
 garbage-first heap   total 306176K, used 304041K [0x0000000080000000, 0x0000000100000000)
  region size 1024K, 67 young (68608K), 7 survivors (7168K)
 Metaspace       used 116320K, committed 118528K, reserved 1179648K
  class space    used 15772K, committed 16896K, reserved 1048576K
}
Event: 27.268 GC heap after
{Heap after GC invocations=38 (full 0):
 garbage-first heap   total 318464K, used 126055K [0x0000000080000000, 0x0000000100000000)
  region size 1024K, 10 young (10240K), 10 survivors (10240K)
 Metaspace       used 116320K, committed 118528K, reserved 1179648K
  class space    used 15772K, committed 16896K, reserved 1048576K
}
Event: 123.477 GC heap before
{Heap before GC invocations=38 (full 0):
 garbage-first heap   total 318464K, used 272487K [0x0000000080000000, 0x0000000100000000)
  region size 1024K, 153 young (156672K), 10 survivors (10240K)
 Metaspace       used 118160K, committed 120448K, reserved 1179648K
  class space    used 15975K, committed 17152K, reserved 1048576K
}
Event: 123.496 GC heap after
{Heap after GC invocations=39 (full 0):
 garbage-first heap   total 318464K, used 136720K [0x0000000080000000, 0x0000000100000000)
  region size 1024K, 20 young (20480K), 20 survivors (20480K)
 Metaspace       used 118160K, committed 120448K, reserved 1179648K
  class space    used 15975K, committed 17152K, reserved 1048576K
}
Event: 131.958 GC heap before
{Heap before GC invocations=39 (full 0):
 garbage-first heap   total 318464K, used 279056K [0x0000000080000000, 0x0000000100000000)
  region size 1024K, 160 young (163840K), 20 survivors (20480K)
 Metaspace       used 130648K, committed 133056K, reserved 1179648K
  class space    used 17669K, committed 18880K, reserved 1048576K
}
Event: 131.978 GC heap after
{Heap after GC invocations=40 (full 0):
 garbage-first heap   total 318464K, used 145719K [0x0000000080000000, 0x0000000100000000)
  region size 1024K, 9 young (9216K), 9 survivors (9216K)
 Metaspace       used 130648K, committed 133056K, reserved 1179648K
  class space    used 17669K, committed 18880K, reserved 1048576K
}
Event: 133.367 GC heap before
{Heap before GC invocations=40 (full 0):
 garbage-first heap   total 318464K, used 240951K [0x0000000080000000, 0x0000000100000000)
  region size 1024K, 104 young (106496K), 9 survivors (9216K)
 Metaspace       used 140227K, committed 142656K, reserved 1179648K
  class space    used 19123K, committed 20352K, reserved 1048576K
}
Event: 133.378 GC heap after
{Heap after GC invocations=41 (full 0):
 garbage-first heap   total 318464K, used 149880K [0x0000000080000000, 0x0000000100000000)
  region size 1024K, 13 young (13312K), 13 survivors (13312K)
 Metaspace       used 140227K, committed 142656K, reserved 1179648K
  class space    used 19123K, committed 20352K, reserved 1048576K
}
Event: 158.281 GC heap before
{Heap before GC invocations=42 (full 0):
 garbage-first heap   total 318464K, used 316792K [0x0000000080000000, 0x0000000100000000)
  region size 1024K, 89 young (91136K), 13 survivors (13312K)
 Metaspace       used 140559K, committed 142976K, reserved 1179648K
  class space    used 19139K, committed 20352K, reserved 1048576K
}
Event: 158.299 GC heap after
{Heap after GC invocations=43 (full 0):
 garbage-first heap   total 333824K, used 151530K [0x0000000080000000, 0x0000000100000000)
  region size 1024K, 8 young (8192K), 8 survivors (8192K)
 Metaspace       used 140559K, committed 142976K, reserved 1179648K
  class space    used 19139K, committed 20352K, reserved 1048576K
}

