# JRE version: OpenJDK Runtime Environment (Zulu 8.80.0.17-CA-win64) (8.0_422-b05) (build 1.8.0_422-b05)
# Java VM: OpenJDK 64-Bit Server VM (25.422-b05 mixed mode windows-amd64 compressed oops)
Heap:
 PSYoungGen      total 16896K, used 14724K [0x00000000feb00000, 0x0000000100000000, 0x0000000100000000)
  eden space 12288K, 98% used [0x00000000feb00000,0x00000000ff6d2f08,0x00000000ff700000)
  from space 4608K, 56% used [0x00000000ffb80000,0x00000000ffe0e128,0x0000000100000000)
  to   space 4608K, 0% used [0x00000000ff700000,0x00000000ff700000,0x00000000ffb80000)
 ParOldGen       total 44032K, used 5151K [0x00000000fc000000, 0x00000000feb00000, 0x00000000feb00000)
  object space 44032K, 11% used [0x00000000fc000000,0x00000000fc507e30,0x00000000feb00000)
 Metaspace       used 14484K, capacity 14870K, committed 15104K, reserved 1062912K
  class space    used 1901K, capacity 2045K, committed 2048K, reserved 1048576K
GC Heap History (10 events):
Event: 0.729 GC heap before
{Heap before GC invocations=4 (full 0):
 PSYoungGen      total 18944K, used 18912K [0x00000000feb00000, 0x0000000100000000, 0x0000000100000000)
  eden space 16384K, 100% used [0x00000000feb00000,0x00000000ffb00000,0x00000000ffb00000)
  from space 2560K, 98% used [0x00000000ffb00000,0x00000000ffd78020,0x00000000ffd80000)
  to   space 2560K, 0% used [0x00000000ffd80000,0x00000000ffd80000,0x0000000100000000)
 ParOldGen       total 44032K, used 387K [0x00000000fc000000, 0x00000000feb00000, 0x00000000feb00000)
  object space 44032K, 0% used [0x00000000fc000000,0x00000000fc060ea8,0x00000000feb00000)
 Metaspace       used 8553K, capacity 8850K, committed 8960K, reserved 1056768K
  class space    used 1076K, capacity 1185K, committed 1280K, reserved 1048576K
Event: 0.731 GC heap after
Heap after GC invocations=4 (full 0):
 PSYoungGen      total 18944K, used 2549K [0x00000000feb00000, 0x0000000100000000, 0x0000000100000000)
  eden space 16384K, 0% used [0x00000000feb00000,0x00000000feb00000,0x00000000ffb00000)
  from space 2560K, 99% used [0x00000000ffd80000,0x00000000ffffd400,0x0000000100000000)
  to   space 2560K, 0% used [0x00000000ffb00000,0x00000000ffb00000,0x00000000ffd80000)
 ParOldGen       total 44032K, used 963K [0x00000000fc000000, 0x00000000feb00000, 0x00000000feb00000)
  object space 44032K, 2% used [0x00000000fc000000,0x00000000fc0f0fa8,0x00000000feb00000)
 Metaspace       used 8553K, capacity 8850K, committed 8960K, reserved 1056768K
  class space    used 1076K, capacity 1185K, committed 1280K, reserved 1048576K
}
Event: 0.826 GC heap before
{Heap before GC invocations=5 (full 0):
 PSYoungGen      total 18944K, used 18933K [0x00000000feb00000, 0x0000000100000000, 0x0000000100000000)
  eden space 16384K, 100% used [0x00000000feb00000,0x00000000ffb00000,0x00000000ffb00000)
  from space 2560K, 99% used [0x00000000ffd80000,0x00000000ffffd400,0x0000000100000000)
  to   space 2560K, 0% used [0x00000000ffb00000,0x00000000ffb00000,0x00000000ffd80000)
 ParOldGen       total 44032K, used 963K [0x00000000fc000000, 0x00000000feb00000, 0x00000000feb00000)
  object space 44032K, 2% used [0x00000000fc000000,0x00000000fc0f0fa8,0x00000000feb00000)
 Metaspace       used 9665K, capacity 9950K, committed 10112K, reserved 1058816K
  class space    used 1259K, capacity 1381K, committed 1408K, reserved 1048576K
Event: 0.828 GC heap after
Heap after GC invocations=5 (full 0):
 PSYoungGen      total 18944K, used 2544K [0x00000000feb00000, 0x0000000100000000, 0x0000000100000000)
  eden space 16384K, 0% used [0x00000000feb00000,0x00000000feb00000,0x00000000ffb00000)
  from space 2560K, 99% used [0x00000000ffb00000,0x00000000ffd7c010,0x00000000ffd80000)
  to   space 2560K, 0% used [0x00000000ffd80000,0x00000000ffd80000,0x0000000100000000)
 ParOldGen       total 44032K, used 1783K [0x00000000fc000000, 0x00000000feb00000, 0x00000000feb00000)
  object space 44032K, 4% used [0x00000000fc000000,0x00000000fc1bdfd8,0x00000000feb00000)
 Metaspace       used 9665K, capacity 9950K, committed 10112K, reserved 1058816K
  class space    used 1259K, capacity 1381K, committed 1408K, reserved 1048576K
}
Event: 0.936 GC heap before
{Heap before GC invocations=6 (full 0):
 PSYoungGen      total 18944K, used 18928K [0x00000000feb00000, 0x0000000100000000, 0x0000000100000000)
  eden space 16384K, 100% used [0x00000000feb00000,0x00000000ffb00000,0x00000000ffb00000)
  from space 2560K, 99% used [0x00000000ffb00000,0x00000000ffd7c010,0x00000000ffd80000)
  to   space 2560K, 0% used [0x00000000ffd80000,0x00000000ffd80000,0x0000000100000000)
 ParOldGen       total 44032K, used 1783K [0x00000000fc000000, 0x00000000feb00000, 0x00000000feb00000)
  object space 44032K, 4% used [0x00000000fc000000,0x00000000fc1bdfd8,0x00000000feb00000)
 Metaspace       used 11367K, capacity 11632K, committed 11904K, reserved 1058816K
  class space    used 1491K, capacity 1598K, committed 1664K, reserved 1048576K
Event: 0.939 GC heap after
Heap after GC invocations=6 (full 0):
 PSYoungGen      total 14848K, used 2528K [0x00000000feb00000, 0x0000000100000000, 0x0000000100000000)
  eden space 12288K, 0% used [0x00000000feb00000,0x00000000feb00000,0x00000000ff700000)
  from space 2560K, 98% used [0x00000000ffd80000,0x00000000ffff8020,0x0000000100000000)
  to   space 4608K, 0% used [0x00000000ff700000,0x00000000ff700000,0x00000000ffb80000)
 ParOldGen       total 44032K, used 3227K [0x00000000fc000000, 0x00000000feb00000, 0x00000000feb00000)
  object space 44032K, 7% used [0x00000000fc000000,0x00000000fc326d90,0x00000000feb00000)
 Metaspace       used 11367K, capacity 11632K, committed 11904K, reserved 1058816K
  class space    used 1491K, capacity 1598K, committed 1664K, reserved 1048576K
}
Event: 0.989 GC heap before
{Heap before GC invocations=7 (full 0):
 PSYoungGen      total 14848K, used 14816K [0x00000000feb00000, 0x0000000100000000, 0x0000000100000000)
  eden space 12288K, 100% used [0x00000000feb00000,0x00000000ff700000,0x00000000ff700000)
  from space 2560K, 98% used [0x00000000ffd80000,0x00000000ffff8020,0x0000000100000000)
  to   space 4608K, 0% used [0x00000000ff700000,0x00000000ff700000,0x00000000ffb80000)
 ParOldGen       total 44032K, used 3227K [0x00000000fc000000, 0x00000000feb00000, 0x00000000feb00000)
  object space 44032K, 7% used [0x00000000fc000000,0x00000000fc326d90,0x00000000feb00000)
 Metaspace       used 11963K, capacity 12292K, committed 12544K, reserved 1060864K
  class space    used 1594K, capacity 1730K, committed 1792K, reserved 1048576K
Event: 0.991 GC heap after
Heap after GC invocations=7 (full 0):
 PSYoungGen      total 16896K, used 2229K [0x00000000feb00000, 0x0000000100000000, 0x0000000100000000)
  eden space 12288K, 0% used [0x00000000feb00000,0x00000000feb00000,0x00000000ff700000)
  from space 4608K, 48% used [0x00000000ff700000,0x00000000ff92d600,0x00000000ffb80000)
  to   space 4608K, 0% used [0x00000000ffb80000,0x00000000ffb80000,0x0000000100000000)
 ParOldGen       total 44032K, used 4295K [0x00000000fc000000, 0x00000000feb00000, 0x00000000feb00000)
  object space 44032K, 9% used [0x00000000fc000000,0x00000000fc431df0,0x00000000feb00000)
 Metaspace       used 11963K, capacity 12292K, committed 12544K, reserved 1060864K
  class space    used 1594K, capacity 1730K, committed 1792K, reserved 1048576K
}
Event: 1.590 GC heap before
{Heap before GC invocations=8 (full 0):
 PSYoungGen      total 16896K, used 14517K [0x00000000feb00000, 0x0000000100000000, 0x0000000100000000)
  eden space 12288K, 100% used [0x00000000feb00000,0x00000000ff700000,0x00000000ff700000)
  from space 4608K, 48% used [0x00000000ff700000,0x00000000ff92d600,0x00000000ffb80000)
  to   space 4608K, 0% used [0x00000000ffb80000,0x00000000ffb80000,0x0000000100000000)
 ParOldGen       total 44032K, used 4295K [0x00000000fc000000, 0x00000000feb00000, 0x00000000feb00000)
  object space 44032K, 9% used [0x00000000fc000000,0x00000000fc431df0,0x00000000feb00000)
 Metaspace       used 13165K, capacity 13558K, committed 13696K, reserved 1060864K
  class space    used 1724K, capacity 1869K, committed 1920K, reserved 1048576K
Event: 1.592 GC heap after
Heap after GC invocations=8 (full 0):
 PSYoungGen      total 16896K, used 2616K [0x00000000feb00000, 0x0000000100000000, 0x0000000100000000)
  eden space 12288K, 0% used [0x00000000feb00000,0x00000000feb00000,0x00000000ff700000)
  from space 4608K, 56% used [0x00000000ffb80000,0x00000000ffe0e128,0x0000000100000000)
  to   space 4608K, 0% used [0x00000000ff700000,0x00000000ff700000,0x00000000ffb80000)
 ParOldGen       total 44032K, used 5151K [0x00000000fc000000, 0x00000000feb00000, 0x00000000feb00000)
  object space 44032K, 11% used [0x00000000fc000000,0x00000000fc507e30,0x00000000feb00000)
 Metaspace       used 13165K, capacity 13558K, committed 13696K, reserved 1060864K
  class space    used 1724K, capacity 1869K, committed 1920K, reserved 1048576K
}

