# JRE version: OpenJDK Runtime Environment (Zulu 8.80.0.17-CA-win64) (8.0_422-b05) (build 1.8.0_422-b05)
# Java VM: OpenJDK 64-Bit Server VM (25.422-b05 mixed mode windows-amd64 compressed oops)
Heap:
 PSYoungGen      total 16896K, used 5231K [0x00000000feb00000, 0x0000000100000000, 0x0000000100000000)
  eden space 12288K, 28% used [0x00000000feb00000,0x00000000fee63de8,0x00000000ff700000)
  from space 4608K, 38% used [0x00000000ff700000,0x00000000ff8b8000,0x00000000ffb80000)
  to   space 4608K, 0% used [0x00000000ffb80000,0x00000000ffb80000,0x0000000100000000)
 ParOldGen       total 44032K, used 5702K [0x00000000fc000000, 0x00000000feb00000, 0x00000000feb00000)
  object space 44032K, 12% used [0x00000000fc000000,0x00000000fc591b40,0x00000000feb00000)
 Metaspace       used 14976K, capacity 15390K, committed 15488K, reserved 1062912K
  class space    used 1942K, capacity 2089K, committed 2176K, reserved 1048576K
GC Heap History (10 events):
Event: 0.661 GC heap before
{Heap before GC invocations=5 (full 0):
 PSYoungGen      total 18944K, used 18933K [0x00000000feb00000, 0x0000000100000000, 0x0000000100000000)
  eden space 16384K, 100% used [0x00000000feb00000,0x00000000ffb00000,0x00000000ffb00000)
  from space 2560K, 99% used [0x00000000ffd80000,0x00000000ffffd420,0x0000000100000000)
  to   space 2560K, 0% used [0x00000000ffb00000,0x00000000ffb00000,0x00000000ffd80000)
 ParOldGen       total 44032K, used 733K [0x00000000fc000000, 0x00000000feb00000, 0x00000000feb00000)
  object space 44032K, 1% used [0x00000000fc000000,0x00000000fc0b74f8,0x00000000feb00000)
 Metaspace       used 10038K, capacity 10366K, committed 10752K, reserved 1058816K
  class space    used 1285K, capacity 1413K, committed 1536K, reserved 1048576K
Event: 0.663 GC heap after
Heap after GC invocations=5 (full 0):
 PSYoungGen      total 18944K, used 2528K [0x00000000feb00000, 0x0000000100000000, 0x0000000100000000)
  eden space 16384K, 0% used [0x00000000feb00000,0x00000000feb00000,0x00000000ffb00000)
  from space 2560K, 98% used [0x00000000ffb00000,0x00000000ffd78040,0x00000000ffd80000)
  to   space 2560K, 0% used [0x00000000ffd80000,0x00000000ffd80000,0x0000000100000000)
 ParOldGen       total 44032K, used 1679K [0x00000000fc000000, 0x00000000feb00000, 0x00000000feb00000)
  object space 44032K, 3% used [0x00000000fc000000,0x00000000fc1a3f88,0x00000000feb00000)
 Metaspace       used 10038K, capacity 10366K, committed 10752K, reserved 1058816K
  class space    used 1285K, capacity 1413K, committed 1536K, reserved 1048576K
}
Event: 0.740 GC heap before
{Heap before GC invocations=6 (full 0):
 PSYoungGen      total 18944K, used 18912K [0x00000000feb00000, 0x0000000100000000, 0x0000000100000000)
  eden space 16384K, 100% used [0x00000000feb00000,0x00000000ffb00000,0x00000000ffb00000)
  from space 2560K, 98% used [0x00000000ffb00000,0x00000000ffd78040,0x00000000ffd80000)
  to   space 2560K, 0% used [0x00000000ffd80000,0x00000000ffd80000,0x0000000100000000)
 ParOldGen       total 44032K, used 1679K [0x00000000fc000000, 0x00000000feb00000, 0x00000000feb00000)
  object space 44032K, 3% used [0x00000000fc000000,0x00000000fc1a3f88,0x00000000feb00000)
 Metaspace       used 11746K, capacity 12028K, committed 12160K, reserved 1060864K
  class space    used 1518K, capacity 1626K, committed 1664K, reserved 1048576K
Event: 0.744 GC heap after
Heap after GC invocations=6 (full 0):
 PSYoungGen      total 14848K, used 2544K [0x00000000feb00000, 0x0000000100000000, 0x0000000100000000)
  eden space 12288K, 0% used [0x00000000feb00000,0x00000000feb00000,0x00000000ff700000)
  from space 2560K, 99% used [0x00000000ffd80000,0x00000000ffffc030,0x0000000100000000)
  to   space 4608K, 0% used [0x00000000ff700000,0x00000000ff700000,0x00000000ffb80000)
 ParOldGen       total 44032K, used 3226K [0x00000000fc000000, 0x00000000feb00000, 0x00000000feb00000)
  object space 44032K, 7% used [0x00000000fc000000,0x00000000fc326a90,0x00000000feb00000)
 Metaspace       used 11746K, capacity 12028K, committed 12160K, reserved 1060864K
  class space    used 1518K, capacity 1626K, committed 1664K, reserved 1048576K
}
Event: 0.785 GC heap before
{Heap before GC invocations=7 (full 0):
 PSYoungGen      total 14848K, used 14832K [0x00000000feb00000, 0x0000000100000000, 0x0000000100000000)
  eden space 12288K, 100% used [0x00000000feb00000,0x00000000ff700000,0x00000000ff700000)
  from space 2560K, 99% used [0x00000000ffd80000,0x00000000ffffc030,0x0000000100000000)
  to   space 4608K, 0% used [0x00000000ff700000,0x00000000ff700000,0x00000000ffb80000)
 ParOldGen       total 44032K, used 3226K [0x00000000fc000000, 0x00000000feb00000, 0x00000000feb00000)
  object space 44032K, 7% used [0x00000000fc000000,0x00000000fc326a90,0x00000000feb00000)
 Metaspace       used 12395K, capacity 12772K, committed 13056K, reserved 1060864K
  class space    used 1624K, capacity 1762K, committed 1792K, reserved 1048576K
Event: 0.787 GC heap after
Heap after GC invocations=7 (full 0):
 PSYoungGen      total 16896K, used 2272K [0x00000000feb00000, 0x0000000100000000, 0x0000000100000000)
  eden space 12288K, 0% used [0x00000000feb00000,0x00000000feb00000,0x00000000ff700000)
  from space 4608K, 49% used [0x00000000ff700000,0x00000000ff938328,0x00000000ffb80000)
  to   space 4608K, 0% used [0x00000000ffb80000,0x00000000ffb80000,0x0000000100000000)
 ParOldGen       total 44032K, used 4254K [0x00000000fc000000, 0x00000000feb00000, 0x00000000feb00000)
  object space 44032K, 9% used [0x00000000fc000000,0x00000000fc427af0,0x00000000feb00000)
 Metaspace       used 12395K, capacity 12772K, committed 13056K, reserved 1060864K
  class space    used 1624K, capacity 1762K, committed 1792K, reserved 1048576K
}
Event: 1.376 GC heap before
{Heap before GC invocations=8 (full 0):
 PSYoungGen      total 16896K, used 14560K [0x00000000feb00000, 0x0000000100000000, 0x0000000100000000)
  eden space 12288K, 100% used [0x00000000feb00000,0x00000000ff700000,0x00000000ff700000)
  from space 4608K, 49% used [0x00000000ff700000,0x00000000ff938328,0x00000000ffb80000)
  to   space 4608K, 0% used [0x00000000ffb80000,0x00000000ffb80000,0x0000000100000000)
 ParOldGen       total 44032K, used 4254K [0x00000000fc000000, 0x00000000feb00000, 0x00000000feb00000)
  object space 44032K, 9% used [0x00000000fc000000,0x00000000fc427af0,0x00000000feb00000)
 Metaspace       used 13434K, capacity 13756K, committed 13952K, reserved 1060864K
  class space    used 1741K, capacity 1870K, committed 1920K, reserved 1048576K
Event: 1.378 GC heap after
Heap after GC invocations=8 (full 0):
 PSYoungGen      total 16896K, used 2163K [0x00000000feb00000, 0x0000000100000000, 0x0000000100000000)
  eden space 12288K, 0% used [0x00000000feb00000,0x00000000feb00000,0x00000000ff700000)
  from space 4608K, 46% used [0x00000000ffb80000,0x00000000ffd9ce98,0x0000000100000000)
  to   space 4608K, 0% used [0x00000000ff700000,0x00000000ff700000,0x00000000ffb80000)
 ParOldGen       total 44032K, used 5062K [0x00000000fc000000, 0x00000000feb00000, 0x00000000feb00000)
  object space 44032K, 11% used [0x00000000fc000000,0x00000000fc4f1b30,0x00000000feb00000)
 Metaspace       used 13434K, capacity 13756K, committed 13952K, reserved 1060864K
  class space    used 1741K, capacity 1870K, committed 1920K, reserved 1048576K
}
Event: 3.323 GC heap before
{Heap before GC invocations=9 (full 0):
 PSYoungGen      total 16896K, used 14451K [0x00000000feb00000, 0x0000000100000000, 0x0000000100000000)
  eden space 12288K, 100% used [0x00000000feb00000,0x00000000ff700000,0x00000000ff700000)
  from space 4608K, 46% used [0x00000000ffb80000,0x00000000ffd9ce98,0x0000000100000000)
  to   space 4608K, 0% used [0x00000000ff700000,0x00000000ff700000,0x00000000ffb80000)
 ParOldGen       total 44032K, used 5062K [0x00000000fc000000, 0x00000000feb00000, 0x00000000feb00000)
  object space 44032K, 11% used [0x00000000fc000000,0x00000000fc4f1b30,0x00000000feb00000)
 Metaspace       used 14539K, capacity 14886K, committed 15104K, reserved 1062912K
  class space    used 1890K, capacity 2007K, committed 2048K, reserved 1048576K
Event: 3.326 GC heap after
Heap after GC invocations=9 (full 0):
 PSYoungGen      total 16896K, used 1760K [0x00000000feb00000, 0x0000000100000000, 0x0000000100000000)
  eden space 12288K, 0% used [0x00000000feb00000,0x00000000feb00000,0x00000000ff700000)
  from space 4608K, 38% used [0x00000000ff700000,0x00000000ff8b8000,0x00000000ffb80000)
  to   space 4608K, 0% used [0x00000000ffb80000,0x00000000ffb80000,0x0000000100000000)
 ParOldGen       total 44032K, used 5702K [0x00000000fc000000, 0x00000000feb00000, 0x00000000feb00000)
  object space 44032K, 12% used [0x00000000fc000000,0x00000000fc591b40,0x00000000feb00000)
 Metaspace       used 14539K, capacity 14886K, committed 15104K, reserved 1062912K
  class space    used 1890K, capacity 2007K, committed 2048K, reserved 1048576K
}

