# JRE version: OpenJDK Runtime Environment (21.0.5) (build 21.0.5+-12932927-b750.29)
# Java VM: OpenJDK 64-Bit Server VM (21.0.5+-12932927-b750.29, mixed mode, tiered, compressed oops, compressed class ptrs, g1 gc, windows-amd64)
GC Precious Log:
 CardTable entry size: 512
 Card Set container configuration: InlinePtr #cards 5 size 8 Array Of Cards #cards 12 size 40 Howl #buckets 4 coarsen threshold 1843 Howl Bitmap #cards 512 size 80 coarsen threshold 460 Card regions per heap region 1 cards per card region 2048
 CPUs: 16 total, 16 available
 Memory: 24270M
 Large Page Support: Disabled
 NUMA Support: Disabled
 Compressed Oops: Enabled (32-bit)
 Heap Region Size: 1M
 Heap Min Capacity: 8M
 Heap Initial Capacity: 380M
 Heap Max Capacity: 2G
 Pre-touch: Disabled
 Parallel Workers: 13
 Concurrent Workers: 3
 Concurrent Refinement Workers: 13
 Periodic GC: Disabled
Heap:
 garbage-first heap   total 247808K, used 176486K [0x0000000080000000, 0x0000000100000000)
  region size 1024K, 57 young (58368K), 8 survivors (8192K)
 Metaspace       used 134060K, committed 136384K, reserved 1179648K
  class space    used 18436K, committed 19584K, reserved 1048576K
GC Heap History (20 events):
Event: 10.013 GC heap before
{Heap before GC invocations=23 (full 0):
 garbage-first heap   total 171008K, used 151078K [0x0000000080000000, 0x0000000100000000)
  region size 1024K, 67 young (68608K), 9 survivors (9216K)
 Metaspace       used 95152K, committed 97088K, reserved 1179648K
  class space    used 12887K, committed 13824K, reserved 1048576K
}
Event: 10.023 GC heap after
{Heap after GC invocations=24 (full 0):
 garbage-first heap   total 205824K, used 93609K [0x0000000080000000, 0x0000000100000000)
  region size 1024K, 3 young (3072K), 3 survivors (3072K)
 Metaspace       used 95152K, committed 97088K, reserved 1179648K
  class space    used 12887K, committed 13824K, reserved 1048576K
}
Event: 10.767 GC heap before
{Heap before GC invocations=24 (full 0):
 garbage-first heap   total 205824K, used 182697K [0x0000000080000000, 0x0000000100000000)
  region size 1024K, 90 young (92160K), 3 survivors (3072K)
 Metaspace       used 101775K, committed 103872K, reserved 1179648K
  class space    used 13877K, committed 14976K, reserved 1048576K
}
Event: 10.774 GC heap after
{Heap after GC invocations=25 (full 0):
 garbage-first heap   total 205824K, used 98583K [0x0000000080000000, 0x0000000100000000)
  region size 1024K, 8 young (8192K), 8 survivors (8192K)
 Metaspace       used 101775K, committed 103872K, reserved 1179648K
  class space    used 13877K, committed 14976K, reserved 1048576K
}
Event: 11.537 GC heap before
{Heap before GC invocations=26 (full 0):
 garbage-first heap   total 205824K, used 185623K [0x0000000080000000, 0x0000000100000000)
  region size 1024K, 93 young (95232K), 8 survivors (8192K)
 Metaspace       used 108320K, committed 110464K, reserved 1179648K
  class space    used 14820K, committed 15936K, reserved 1048576K
}
Event: 11.548 GC heap after
{Heap after GC invocations=27 (full 0):
 garbage-first heap   total 205824K, used 104251K [0x0000000080000000, 0x0000000100000000)
  region size 1024K, 11 young (11264K), 11 survivors (11264K)
 Metaspace       used 108320K, committed 110464K, reserved 1179648K
  class space    used 14820K, committed 15936K, reserved 1048576K
}
Event: 12.153 GC heap before
{Heap before GC invocations=27 (full 0):
 garbage-first heap   total 205824K, used 183099K [0x0000000080000000, 0x0000000100000000)
  region size 1024K, 88 young (90112K), 11 survivors (11264K)
 Metaspace       used 110953K, committed 113152K, reserved 1179648K
  class space    used 15193K, committed 16320K, reserved 1048576K
}
Event: 12.169 GC heap after
{Heap after GC invocations=28 (full 0):
 garbage-first heap   total 205824K, used 110332K [0x0000000080000000, 0x0000000100000000)
  region size 1024K, 11 young (11264K), 11 survivors (11264K)
 Metaspace       used 110953K, committed 113152K, reserved 1179648K
  class space    used 15193K, committed 16320K, reserved 1048576K
}
Event: 12.665 GC heap before
{Heap before GC invocations=28 (full 0):
 garbage-first heap   total 205824K, used 182012K [0x0000000080000000, 0x0000000100000000)
  region size 1024K, 82 young (83968K), 11 survivors (11264K)
 Metaspace       used 111475K, committed 113600K, reserved 1179648K
  class space    used 15294K, committed 16384K, reserved 1048576K
}
Event: 12.677 GC heap after
{Heap after GC invocations=29 (full 0):
 garbage-first heap   total 205824K, used 114641K [0x0000000080000000, 0x0000000100000000)
  region size 1024K, 6 young (6144K), 6 survivors (6144K)
 Metaspace       used 111475K, committed 113600K, reserved 1179648K
  class space    used 15294K, committed 16384K, reserved 1048576K
}
Event: 13.037 GC heap before
{Heap before GC invocations=30 (full 0):
 garbage-first heap   total 205824K, used 186321K [0x0000000080000000, 0x0000000100000000)
  region size 1024K, 77 young (78848K), 6 survivors (6144K)
 Metaspace       used 111608K, committed 113856K, reserved 1179648K
  class space    used 15305K, committed 16448K, reserved 1048576K
}
Event: 13.049 GC heap after
{Heap after GC invocations=31 (full 0):
 garbage-first heap   total 205824K, used 117440K [0x0000000080000000, 0x0000000100000000)
  region size 1024K, 9 young (9216K), 9 survivors (9216K)
 Metaspace       used 111608K, committed 113856K, reserved 1179648K
  class space    used 15305K, committed 16448K, reserved 1048576K
}
Event: 13.662 GC heap before
{Heap before GC invocations=31 (full 0):
 garbage-first heap   total 205824K, used 182976K [0x0000000080000000, 0x0000000100000000)
  region size 1024K, 74 young (75776K), 9 survivors (9216K)
 Metaspace       used 113458K, committed 115648K, reserved 1179648K
  class space    used 15565K, committed 16704K, reserved 1048576K
}
Event: 13.672 GC heap after
{Heap after GC invocations=32 (full 0):
 garbage-first heap   total 247808K, used 118885K [0x0000000080000000, 0x0000000100000000)
  region size 1024K, 7 young (7168K), 7 survivors (7168K)
 Metaspace       used 113458K, committed 115648K, reserved 1179648K
  class space    used 15565K, committed 16704K, reserved 1048576K
}
Event: 14.098 GC heap before
{Heap before GC invocations=32 (full 0):
 garbage-first heap   total 247808K, used 220261K [0x0000000080000000, 0x0000000100000000)
  region size 1024K, 107 young (109568K), 7 survivors (7168K)
 Metaspace       used 115781K, committed 117952K, reserved 1179648K
  class space    used 15829K, committed 16960K, reserved 1048576K
}
Event: 14.107 GC heap after
{Heap after GC invocations=33 (full 0):
 garbage-first heap   total 247808K, used 123408K [0x0000000080000000, 0x0000000100000000)
  region size 1024K, 11 young (11264K), 11 survivors (11264K)
 Metaspace       used 115781K, committed 117952K, reserved 1179648K
  class space    used 15829K, committed 16960K, reserved 1048576K
}
Event: 31.785 GC heap before
{Heap before GC invocations=33 (full 0):
 garbage-first heap   total 247808K, used 196112K [0x0000000080000000, 0x0000000100000000)
  region size 1024K, 84 young (86016K), 11 survivors (11264K)
 Metaspace       used 117091K, committed 119360K, reserved 1179648K
  class space    used 16040K, committed 17216K, reserved 1048576K
}
Event: 31.794 GC heap after
{Heap after GC invocations=34 (full 0):
 garbage-first heap   total 247808K, used 126036K [0x0000000080000000, 0x0000000100000000)
  region size 1024K, 10 young (10240K), 10 survivors (10240K)
 Metaspace       used 117091K, committed 119360K, reserved 1179648K
  class space    used 16040K, committed 17216K, reserved 1048576K
}
Event: 32.435 GC heap before
{Heap before GC invocations=35 (full 0):
 garbage-first heap   total 247808K, used 227412K [0x0000000080000000, 0x0000000100000000)
  region size 1024K, 105 young (107520K), 10 survivors (10240K)
 Metaspace       used 128949K, committed 131200K, reserved 1179648K
  class space    used 17670K, committed 18816K, reserved 1048576K
}
Event: 32.445 GC heap after
{Heap after GC invocations=36 (full 0):
 garbage-first heap   total 247808K, used 128358K [0x0000000080000000, 0x0000000100000000)
  region size 1024K, 8 young (8192K), 8 survivors (8192K)
 Metaspace       used 128949K, committed 131200K, reserved 1179648K
  class space    used 17670K, committed 18816K, reserved 1048576K
}

