# JRE version: OpenJDK Runtime Environment (Zulu 8.80.0.17-CA-win64) (8.0_422-b05) (build 1.8.0_422-b05)
# Java VM: OpenJDK 64-Bit Server VM (25.422-b05 mixed mode windows-amd64 compressed oops)
Heap:
 PSYoungGen      total 414208K, used 89079K [0x00000000d5580000, 0x00000000f2d00000, 0x0000000100000000)
  eden space 397312K, 22% used [0x00000000d5580000,0x00000000dac7dc58,0x00000000ed980000)
  from space 16896K, 0% used [0x00000000ef280000,0x00000000ef280000,0x00000000f0300000)
  to   space 25600K, 0% used [0x00000000ed980000,0x00000000ed980000,0x00000000ef280000)
 ParOldGen       total 162304K, used 63110K [0x0000000080000000, 0x0000000089e80000, 0x00000000d5580000)
  object space 162304K, 38% used [0x0000000080000000,0x0000000083da1a18,0x0000000089e80000)
 Metaspace       used 97581K, capacity 100944K, committed 101016K, reserved 1136640K
  class space    used 12817K, capacity 13469K, committed 13480K, reserved 1048576K
GC Heap History (10 events):
Event: 6.628 GC heap before
{Heap before GC invocations=10 (full 2):
 PSYoungGen      total 304128K, used 267048K [0x00000000d5580000, 0x00000000f0300000, 0x0000000100000000)
  eden space 289792K, 87% used [0x00000000d5580000,0x00000000e4c50310,0x00000000e7080000)
  from space 14336K, 99% used [0x00000000e7080000,0x00000000e7e79ec8,0x00000000e7e80000)
  to   space 16896K, 0% used [0x00000000ef280000,0x00000000ef280000,0x00000000f0300000)
 ParOldGen       total 162304K, used 18012K [0x0000000080000000, 0x0000000089e80000, 0x00000000d5580000)
  object space 162304K, 11% used [0x0000000080000000,0x0000000081197028,0x0000000089e80000)
 Metaspace       used 56531K, capacity 59012K, committed 59160K, reserved 1099776K
  class space    used 8207K, capacity 8694K, committed 8744K, reserved 1048576K
Event: 6.663 GC heap after
Heap after GC invocations=10 (full 2):
 PSYoungGen      total 414208K, used 16864K [0x00000000d5580000, 0x00000000f2d00000, 0x0000000100000000)
  eden space 397312K, 0% used [0x00000000d5580000,0x00000000d5580000,0x00000000ed980000)
  from space 16896K, 99% used [0x00000000ef280000,0x00000000f02f81b0,0x00000000f0300000)
  to   space 25600K, 0% used [0x00000000ed980000,0x00000000ed980000,0x00000000ef280000)
 ParOldGen       total 162304K, used 32448K [0x0000000080000000, 0x0000000089e80000, 0x00000000d5580000)
  object space 162304K, 19% used [0x0000000080000000,0x0000000081fb0108,0x0000000089e80000)
 Metaspace       used 56531K, capacity 59012K, committed 59160K, reserved 1099776K
  class space    used 8207K, capacity 8694K, committed 8744K, reserved 1048576K
}
Event: 6.663 GC heap before
{Heap before GC invocations=11 (full 3):
 PSYoungGen      total 414208K, used 16864K [0x00000000d5580000, 0x00000000f2d00000, 0x0000000100000000)
  eden space 397312K, 0% used [0x00000000d5580000,0x00000000d5580000,0x00000000ed980000)
  from space 16896K, 99% used [0x00000000ef280000,0x00000000f02f81b0,0x00000000f0300000)
  to   space 25600K, 0% used [0x00000000ed980000,0x00000000ed980000,0x00000000ef280000)
 ParOldGen       total 162304K, used 32448K [0x0000000080000000, 0x0000000089e80000, 0x00000000d5580000)
  object space 162304K, 19% used [0x0000000080000000,0x0000000081fb0108,0x0000000089e80000)
 Metaspace       used 56531K, capacity 59012K, committed 59160K, reserved 1099776K
  class space    used 8207K, capacity 8694K, committed 8744K, reserved 1048576K
Event: 6.823 GC heap after
Heap after GC invocations=11 (full 3):
 PSYoungGen      total 414208K, used 0K [0x00000000d5580000, 0x00000000f2d00000, 0x0000000100000000)
  eden space 397312K, 0% used [0x00000000d5580000,0x00000000d5580000,0x00000000ed980000)
  from space 16896K, 0% used [0x00000000ef280000,0x00000000ef280000,0x00000000f0300000)
  to   space 25600K, 0% used [0x00000000ed980000,0x00000000ed980000,0x00000000ef280000)
 ParOldGen       total 162304K, used 43974K [0x0000000080000000, 0x0000000089e80000, 0x00000000d5580000)
  object space 162304K, 27% used [0x0000000080000000,0x0000000082af1a20,0x0000000089e80000)
 Metaspace       used 56531K, capacity 59012K, committed 59160K, reserved 1099776K
  class space    used 8207K, capacity 8694K, committed 8744K, reserved 1048576K
}
Event: 8.548 GC heap before
{Heap before GC invocations=12 (full 3):
 PSYoungGen      total 414208K, used 397312K [0x00000000d5580000, 0x00000000f2d00000, 0x0000000100000000)
  eden space 397312K, 100% used [0x00000000d5580000,0x00000000ed980000,0x00000000ed980000)
  from space 16896K, 0% used [0x00000000ef280000,0x00000000ef280000,0x00000000f0300000)
  to   space 25600K, 0% used [0x00000000ed980000,0x00000000ed980000,0x00000000ef280000)
 ParOldGen       total 162304K, used 43974K [0x0000000080000000, 0x0000000089e80000, 0x00000000d5580000)
  object space 162304K, 27% used [0x0000000080000000,0x0000000082af1a20,0x0000000089e80000)
 Metaspace       used 74290K, capacity 77038K, committed 77592K, reserved 1116160K
  class space    used 10148K, capacity 10697K, committed 10792K, reserved 1048576K
Event: 8.576 GC heap after
Heap after GC invocations=12 (full 3):
 PSYoungGen      total 422912K, used 25587K [0x00000000d5580000, 0x00000000f2d00000, 0x0000000100000000)
  eden space 397312K, 0% used [0x00000000d5580000,0x00000000d5580000,0x00000000ed980000)
  from space 25600K, 99% used [0x00000000ed980000,0x00000000ef27cc40,0x00000000ef280000)
  to   space 16896K, 0% used [0x00000000ef280000,0x00000000ef280000,0x00000000f0300000)
 ParOldGen       total 162304K, used 51692K [0x0000000080000000, 0x0000000089e80000, 0x00000000d5580000)
  object space 162304K, 31% used [0x0000000080000000,0x000000008327b298,0x0000000089e80000)
 Metaspace       used 74290K, capacity 77038K, committed 77592K, reserved 1116160K
  class space    used 10148K, capacity 10697K, committed 10792K, reserved 1048576K
}
Event: 10.428 GC heap before
{Heap before GC invocations=13 (full 3):
 PSYoungGen      total 422912K, used 387008K [0x00000000d5580000, 0x00000000f2d00000, 0x0000000100000000)
  eden space 397312K, 90% used [0x00000000d5580000,0x00000000eb6734b8,0x00000000ed980000)
  from space 25600K, 99% used [0x00000000ed980000,0x00000000ef27cc40,0x00000000ef280000)
  to   space 16896K, 0% used [0x00000000ef280000,0x00000000ef280000,0x00000000f0300000)
 ParOldGen       total 162304K, used 51692K [0x0000000080000000, 0x0000000089e80000, 0x00000000d5580000)
  object space 162304K, 31% used [0x0000000080000000,0x000000008327b298,0x0000000089e80000)
 Metaspace       used 95369K, capacity 98484K, committed 98584K, reserved 1134592K
  class space    used 12459K, capacity 13081K, committed 13096K, reserved 1048576K
Event: 10.462 GC heap after
Heap after GC invocations=13 (full 3):
 PSYoungGen      total 414208K, used 16867K [0x00000000d5580000, 0x00000000f2d00000, 0x0000000100000000)
  eden space 397312K, 0% used [0x00000000d5580000,0x00000000d5580000,0x00000000ed980000)
  from space 16896K, 99% used [0x00000000ef280000,0x00000000f02f8d08,0x00000000f0300000)
  to   space 25600K, 0% used [0x00000000ed980000,0x00000000ed980000,0x00000000ef280000)
 ParOldGen       total 162304K, used 73440K [0x0000000080000000, 0x0000000089e80000, 0x00000000d5580000)
  object space 162304K, 45% used [0x0000000080000000,0x00000000847b83b0,0x0000000089e80000)
 Metaspace       used 95369K, capacity 98484K, committed 98584K, reserved 1134592K
  class space    used 12459K, capacity 13081K, committed 13096K, reserved 1048576K
}
Event: 10.462 GC heap before
{Heap before GC invocations=14 (full 4):
 PSYoungGen      total 414208K, used 16867K [0x00000000d5580000, 0x00000000f2d00000, 0x0000000100000000)
  eden space 397312K, 0% used [0x00000000d5580000,0x00000000d5580000,0x00000000ed980000)
  from space 16896K, 99% used [0x00000000ef280000,0x00000000f02f8d08,0x00000000f0300000)
  to   space 25600K, 0% used [0x00000000ed980000,0x00000000ed980000,0x00000000ef280000)
 ParOldGen       total 162304K, used 73440K [0x0000000080000000, 0x0000000089e80000, 0x00000000d5580000)
  object space 162304K, 45% used [0x0000000080000000,0x00000000847b83b0,0x0000000089e80000)
 Metaspace       used 95369K, capacity 98484K, committed 98584K, reserved 1134592K
  class space    used 12459K, capacity 13081K, committed 13096K, reserved 1048576K
Event: 10.576 GC heap after
Heap after GC invocations=14 (full 4):
 PSYoungGen      total 414208K, used 0K [0x00000000d5580000, 0x00000000f2d00000, 0x0000000100000000)
  eden space 397312K, 0% used [0x00000000d5580000,0x00000000d5580000,0x00000000ed980000)
  from space 16896K, 0% used [0x00000000ef280000,0x00000000ef280000,0x00000000f0300000)
  to   space 25600K, 0% used [0x00000000ed980000,0x00000000ed980000,0x00000000ef280000)
 ParOldGen       total 162304K, used 63110K [0x0000000080000000, 0x0000000089e80000, 0x00000000d5580000)
  object space 162304K, 38% used [0x0000000080000000,0x0000000083da1a18,0x0000000089e80000)
 Metaspace       used 95369K, capacity 98484K, committed 98584K, reserved 1134592K
  class space    used 12459K, capacity 13081K, committed 13096K, reserved 1048576K
}

