# JRE version: OpenJDK Runtime Environment (21.0.5) (build 21.0.5+-12932927-b750.29)
# Java VM: OpenJDK 64-Bit Server VM (21.0.5+-12932927-b750.29, mixed mode, tiered, compressed oops, compressed class ptrs, g1 gc, windows-amd64)
GC Precious Log:
 CardTable entry size: 512
 Card Set container configuration: InlinePtr #cards 5 size 8 Array Of Cards #cards 12 size 40 Howl #buckets 4 coarsen threshold 1843 Howl Bitmap #cards 512 size 80 coarsen threshold 460 Card regions per heap region 1 cards per card region 2048
 CPUs: 16 total, 16 available
 Memory: 24270M
 Large Page Support: Disabled
 NUMA Support: Disabled
 Compressed Oops: Enabled (32-bit)
 Heap Region Size: 1M
 Heap Min Capacity: 8M
 Heap Initial Capacity: 380M
 Heap Max Capacity: 2G
 Pre-touch: Disabled
 Parallel Workers: 13
 Concurrent Workers: 3
 Concurrent Refinement Workers: 13
 Periodic GC: Disabled
Heap:
 garbage-first heap   total 317440K, used 126814K [0x0000000080000000, 0x0000000100000000)
  region size 1024K, 11 young (11264K), 11 survivors (11264K)
 Metaspace       used 122252K, committed 124480K, reserved 1179648K
  class space    used 16214K, committed 17344K, reserved 1048576K
GC Heap History (20 events):
Event: 15.540 GC heap after
{Heap after GC invocations=39 (full 0):
 garbage-first heap   total 264192K, used 120515K [0x0000000080000000, 0x0000000100000000)
  region size 1024K, 5 young (5120K), 5 survivors (5120K)
 Metaspace       used 116685K, committed 118912K, reserved 1179648K
  class space    used 15791K, committed 16960K, reserved 1048576K
}
Event: 15.877 GC heap before
{Heap before GC invocations=39 (full 0):
 garbage-first heap   total 264192K, used 242371K [0x0000000080000000, 0x0000000100000000)
  region size 1024K, 125 young (128000K), 5 survivors (5120K)
 Metaspace       used 116748K, committed 118976K, reserved 1179648K
  class space    used 15791K, committed 16960K, reserved 1048576K
}
Event: 15.892 GC heap after
{Heap after GC invocations=40 (full 0):
 garbage-first heap   total 264192K, used 120139K [0x0000000080000000, 0x0000000100000000)
  region size 1024K, 4 young (4096K), 4 survivors (4096K)
 Metaspace       used 116748K, committed 118976K, reserved 1179648K
  class space    used 15791K, committed 16960K, reserved 1048576K
}
Event: 16.629 GC heap before
{Heap before GC invocations=41 (full 0):
 garbage-first heap   total 264192K, used 246091K [0x0000000080000000, 0x0000000100000000)
  region size 1024K, 126 young (129024K), 4 survivors (4096K)
 Metaspace       used 121634K, committed 123904K, reserved 1179648K
  class space    used 16192K, committed 17344K, reserved 1048576K
}
Event: 16.644 GC heap after
{Heap after GC invocations=42 (full 0):
 garbage-first heap   total 264192K, used 126439K [0x0000000080000000, 0x0000000100000000)
  region size 1024K, 10 young (10240K), 10 survivors (10240K)
 Metaspace       used 121634K, committed 123904K, reserved 1179648K
  class space    used 16192K, committed 17344K, reserved 1048576K
}
Event: 16.925 GC heap before
{Heap before GC invocations=42 (full 0):
 garbage-first heap   total 264192K, used 238055K [0x0000000080000000, 0x0000000100000000)
  region size 1024K, 120 young (122880K), 10 survivors (10240K)
 Metaspace       used 122019K, committed 124224K, reserved 1179648K
  class space    used 16210K, committed 17344K, reserved 1048576K
}
Event: 16.936 GC heap after
{Heap after GC invocations=43 (full 0):
 garbage-first heap   total 264192K, used 124043K [0x0000000080000000, 0x0000000100000000)
  region size 1024K, 8 young (8192K), 8 survivors (8192K)
 Metaspace       used 122019K, committed 124224K, reserved 1179648K
  class space    used 16210K, committed 17344K, reserved 1048576K
}
Event: 17.468 GC heap before
{Heap before GC invocations=43 (full 0):
 garbage-first heap   total 264192K, used 239755K [0x0000000080000000, 0x0000000100000000)
  region size 1024K, 122 young (124928K), 8 survivors (8192K)
 Metaspace       used 122090K, committed 124288K, reserved 1179648K
  class space    used 16211K, committed 17344K, reserved 1048576K
}
Event: 17.487 GC heap after
{Heap after GC invocations=44 (full 0):
 garbage-first heap   total 317440K, used 125391K [0x0000000080000000, 0x0000000100000000)
  region size 1024K, 9 young (9216K), 9 survivors (9216K)
 Metaspace       used 122090K, committed 124288K, reserved 1179648K
  class space    used 16211K, committed 17344K, reserved 1048576K
}
Event: 18.200 GC heap before
{Heap before GC invocations=45 (full 0):
 garbage-first heap   total 317440K, used 290255K [0x0000000080000000, 0x0000000100000000)
  region size 1024K, 171 young (175104K), 9 survivors (9216K)
 Metaspace       used 122137K, committed 124352K, reserved 1179648K
  class space    used 16214K, committed 17344K, reserved 1048576K
}
Event: 18.218 GC heap after
{Heap after GC invocations=46 (full 0):
 garbage-first heap   total 317440K, used 125663K [0x0000000080000000, 0x0000000100000000)
  region size 1024K, 9 young (9216K), 9 survivors (9216K)
 Metaspace       used 122137K, committed 124352K, reserved 1179648K
  class space    used 16214K, committed 17344K, reserved 1048576K
}
Event: 18.651 GC heap before
{Heap before GC invocations=46 (full 0):
 garbage-first heap   total 317440K, used 290527K [0x0000000080000000, 0x0000000100000000)
  region size 1024K, 171 young (175104K), 9 survivors (9216K)
 Metaspace       used 122161K, committed 124352K, reserved 1179648K
  class space    used 16214K, committed 17344K, reserved 1048576K
}
Event: 18.666 GC heap after
{Heap after GC invocations=47 (full 0):
 garbage-first heap   total 317440K, used 124586K [0x0000000080000000, 0x0000000100000000)
  region size 1024K, 9 young (9216K), 9 survivors (9216K)
 Metaspace       used 122161K, committed 124352K, reserved 1179648K
  class space    used 16214K, committed 17344K, reserved 1048576K
}
Event: 19.024 GC heap before
{Heap before GC invocations=47 (full 0):
 garbage-first heap   total 317440K, used 290474K [0x0000000080000000, 0x0000000100000000)
  region size 1024K, 172 young (176128K), 9 survivors (9216K)
 Metaspace       used 122190K, committed 124352K, reserved 1179648K
  class space    used 16214K, committed 17344K, reserved 1048576K
}
Event: 19.037 GC heap after
{Heap after GC invocations=48 (full 0):
 garbage-first heap   total 317440K, used 123939K [0x0000000080000000, 0x0000000100000000)
  region size 1024K, 9 young (9216K), 9 survivors (9216K)
 Metaspace       used 122190K, committed 124352K, reserved 1179648K
  class space    used 16214K, committed 17344K, reserved 1048576K
}
Event: 19.391 GC heap before
{Heap before GC invocations=49 (full 0):
 garbage-first heap   total 317440K, used 289827K [0x0000000080000000, 0x0000000100000000)
  region size 1024K, 172 young (176128K), 9 survivors (9216K)
 Metaspace       used 122214K, committed 124416K, reserved 1179648K
  class space    used 16214K, committed 17344K, reserved 1048576K
}
Event: 19.405 GC heap after
{Heap after GC invocations=50 (full 0):
 garbage-first heap   total 317440K, used 123025K [0x0000000080000000, 0x0000000100000000)
  region size 1024K, 8 young (8192K), 8 survivors (8192K)
 Metaspace       used 122214K, committed 124416K, reserved 1179648K
  class space    used 16214K, committed 17344K, reserved 1048576K
}
Event: 19.923 GC heap before
{Heap before GC invocations=50 (full 0):
 garbage-first heap   total 317440K, used 295057K [0x0000000080000000, 0x0000000100000000)
  region size 1024K, 173 young (177152K), 8 survivors (8192K)
 Metaspace       used 122252K, committed 124480K, reserved 1179648K
  class space    used 16214K, committed 17344K, reserved 1048576K
}
Event: 19.946 GC heap after
{Heap after GC invocations=51 (full 0):
 garbage-first heap   total 317440K, used 127172K [0x0000000080000000, 0x0000000100000000)
  region size 1024K, 10 young (10240K), 10 survivors (10240K)
 Metaspace       used 122252K, committed 124480K, reserved 1179648K
  class space    used 16214K, committed 17344K, reserved 1048576K
}
Event: 20.232 GC heap before
{Heap before GC invocations=51 (full 0):
 garbage-first heap   total 317440K, used 288964K [0x0000000080000000, 0x0000000100000000)
  region size 1024K, 169 young (173056K), 10 survivors (10240K)
 Metaspace       used 122252K, committed 124480K, reserved 1179648K
  class space    used 16214K, committed 17344K, reserved 1048576K
}

