# JRE version: OpenJDK Runtime Environment (Zulu 8.80.0.17-CA-win64) (8.0_422-b05) (build 1.8.0_422-b05)
# Java VM: OpenJDK 64-Bit Server VM (25.422-b05 mixed mode windows-amd64 compressed oops)
Heap:
 PSYoungGen      total 402944K, used 94284K [0x00000000d5580000, 0x00000000f3b00000, 0x0000000100000000)
  eden space 387072K, 20% used [0x00000000d5580000,0x00000000da2176f8,0x00000000ecf80000)
  from space 15872K, 99% used [0x00000000f2b80000,0x00000000f3afbcb0,0x00000000f3b00000)
  to   space 15872K, 0% used [0x00000000ecf80000,0x00000000ecf80000,0x00000000edf00000)
 ParOldGen       total 242688K, used 50066K [0x0000000080000000, 0x000000008ed00000, 0x00000000d5580000)
  object space 242688K, 20% used [0x0000000080000000,0x00000000830e4bc0,0x000000008ed00000)
 Metaspace       used 75184K, capacity 78486K, committed 78744K, reserved 1116160K
  class space    used 10443K, capacity 11088K, committed 11176K, reserved 1048576K
GC Heap History (10 events):
Event: 3.339 GC heap before
{Heap before GC invocations=7 (full 2):
 PSYoungGen      total 402944K, used 8564K [0x00000000d5580000, 0x00000000f3b00000, 0x0000000100000000)
  eden space 387072K, 0% used [0x00000000d5580000,0x00000000d5580000,0x00000000ecf80000)
  from space 15872K, 53% used [0x00000000ecf80000,0x00000000ed7dd218,0x00000000edf00000)
  to   space 15872K, 0% used [0x00000000f2b80000,0x00000000f2b80000,0x00000000f3b00000)
 ParOldGen       total 162816K, used 15505K [0x0000000080000000, 0x0000000089f00000, 0x00000000d5580000)
  object space 162816K, 9% used [0x0000000080000000,0x0000000080f244f0,0x0000000089f00000)
 Metaspace       used 33602K, capacity 35310K, committed 35496K, reserved 1079296K
  class space    used 4830K, capacity 5181K, committed 5288K, reserved 1048576K
Event: 3.368 GC heap after
Heap after GC invocations=7 (full 2):
 PSYoungGen      total 402944K, used 0K [0x00000000d5580000, 0x00000000f3b00000, 0x0000000100000000)
  eden space 387072K, 0% used [0x00000000d5580000,0x00000000d5580000,0x00000000ecf80000)
  from space 15872K, 0% used [0x00000000ecf80000,0x00000000ecf80000,0x00000000edf00000)
  to   space 15872K, 0% used [0x00000000f2b80000,0x00000000f2b80000,0x00000000f3b00000)
 ParOldGen       total 242688K, used 16414K [0x0000000080000000, 0x000000008ed00000, 0x00000000d5580000)
  object space 242688K, 6% used [0x0000000080000000,0x00000000810078f0,0x000000008ed00000)
 Metaspace       used 33602K, capacity 35310K, committed 35496K, reserved 1079296K
  class space    used 4830K, capacity 5181K, committed 5288K, reserved 1048576K
}
Event: 5.160 GC heap before
{Heap before GC invocations=8 (full 2):
 PSYoungGen      total 402944K, used 387072K [0x00000000d5580000, 0x00000000f3b00000, 0x0000000100000000)
  eden space 387072K, 100% used [0x00000000d5580000,0x00000000ecf80000,0x00000000ecf80000)
  from space 15872K, 0% used [0x00000000ecf80000,0x00000000ecf80000,0x00000000edf00000)
  to   space 15872K, 0% used [0x00000000f2b80000,0x00000000f2b80000,0x00000000f3b00000)
 ParOldGen       total 242688K, used 16414K [0x0000000080000000, 0x000000008ed00000, 0x00000000d5580000)
  object space 242688K, 6% used [0x0000000080000000,0x00000000810078f0,0x000000008ed00000)
 Metaspace       used 50567K, capacity 53462K, committed 53544K, reserved 1095680K
  class space    used 7127K, capacity 7656K, committed 7720K, reserved 1048576K
Event: 5.181 GC heap after
Heap after GC invocations=8 (full 2):
 PSYoungGen      total 402944K, used 15864K [0x00000000d5580000, 0x00000000f3b00000, 0x0000000100000000)
  eden space 387072K, 0% used [0x00000000d5580000,0x00000000d5580000,0x00000000ecf80000)
  from space 15872K, 99% used [0x00000000f2b80000,0x00000000f3afe1c0,0x00000000f3b00000)
  to   space 15872K, 0% used [0x00000000ecf80000,0x00000000ecf80000,0x00000000edf00000)
 ParOldGen       total 242688K, used 21528K [0x0000000080000000, 0x000000008ed00000, 0x00000000d5580000)
  object space 242688K, 8% used [0x0000000080000000,0x0000000081506000,0x000000008ed00000)
 Metaspace       used 50567K, capacity 53462K, committed 53544K, reserved 1095680K
  class space    used 7127K, capacity 7656K, committed 7720K, reserved 1048576K
}
Event: 5.542 GC heap before
{Heap before GC invocations=9 (full 2):
 PSYoungGen      total 402944K, used 102741K [0x00000000d5580000, 0x00000000f3b00000, 0x0000000100000000)
  eden space 387072K, 22% used [0x00000000d5580000,0x00000000daa57508,0x00000000ecf80000)
  from space 15872K, 99% used [0x00000000f2b80000,0x00000000f3afe1c0,0x00000000f3b00000)
  to   space 15872K, 0% used [0x00000000ecf80000,0x00000000ecf80000,0x00000000edf00000)
 ParOldGen       total 242688K, used 21528K [0x0000000080000000, 0x000000008ed00000, 0x00000000d5580000)
  object space 242688K, 8% used [0x0000000080000000,0x0000000081506000,0x000000008ed00000)
 Metaspace       used 55980K, capacity 58918K, committed 59160K, reserved 1099776K
  class space    used 8172K, capacity 8728K, committed 8744K, reserved 1048576K
Event: 5.554 GC heap after
Heap after GC invocations=9 (full 2):
 PSYoungGen      total 402944K, used 11450K [0x00000000d5580000, 0x00000000f3b00000, 0x0000000100000000)
  eden space 387072K, 0% used [0x00000000d5580000,0x00000000d5580000,0x00000000ecf80000)
  from space 15872K, 72% used [0x00000000ecf80000,0x00000000edaaeb00,0x00000000edf00000)
  to   space 15872K, 0% used [0x00000000f2b80000,0x00000000f2b80000,0x00000000f3b00000)
 ParOldGen       total 242688K, used 21536K [0x0000000080000000, 0x000000008ed00000, 0x00000000d5580000)
  object space 242688K, 8% used [0x0000000080000000,0x0000000081508000,0x000000008ed00000)
 Metaspace       used 55980K, capacity 58918K, committed 59160K, reserved 1099776K
  class space    used 8172K, capacity 8728K, committed 8744K, reserved 1048576K
}
Event: 5.554 GC heap before
{Heap before GC invocations=10 (full 3):
 PSYoungGen      total 402944K, used 11450K [0x00000000d5580000, 0x00000000f3b00000, 0x0000000100000000)
  eden space 387072K, 0% used [0x00000000d5580000,0x00000000d5580000,0x00000000ecf80000)
  from space 15872K, 72% used [0x00000000ecf80000,0x00000000edaaeb00,0x00000000edf00000)
  to   space 15872K, 0% used [0x00000000f2b80000,0x00000000f2b80000,0x00000000f3b00000)
 ParOldGen       total 242688K, used 21536K [0x0000000080000000, 0x000000008ed00000, 0x00000000d5580000)
  object space 242688K, 8% used [0x0000000080000000,0x0000000081508000,0x000000008ed00000)
 Metaspace       used 55980K, capacity 58918K, committed 59160K, reserved 1099776K
  class space    used 8172K, capacity 8728K, committed 8744K, reserved 1048576K
Event: 5.679 GC heap after
Heap after GC invocations=10 (full 3):
 PSYoungGen      total 402944K, used 0K [0x00000000d5580000, 0x00000000f3b00000, 0x0000000100000000)
  eden space 387072K, 0% used [0x00000000d5580000,0x00000000d5580000,0x00000000ecf80000)
  from space 15872K, 0% used [0x00000000ecf80000,0x00000000ecf80000,0x00000000edf00000)
  to   space 15872K, 0% used [0x00000000f2b80000,0x00000000f2b80000,0x00000000f3b00000)
 ParOldGen       total 242688K, used 24077K [0x0000000080000000, 0x000000008ed00000, 0x00000000d5580000)
  object space 242688K, 9% used [0x0000000080000000,0x0000000081783660,0x000000008ed00000)
 Metaspace       used 55980K, capacity 58918K, committed 59160K, reserved 1099776K
  class space    used 8172K, capacity 8728K, committed 8744K, reserved 1048576K
}
Event: 7.297 GC heap before
{Heap before GC invocations=11 (full 3):
 PSYoungGen      total 402944K, used 387072K [0x00000000d5580000, 0x00000000f3b00000, 0x0000000100000000)
  eden space 387072K, 100% used [0x00000000d5580000,0x00000000ecf80000,0x00000000ecf80000)
  from space 15872K, 0% used [0x00000000ecf80000,0x00000000ecf80000,0x00000000edf00000)
  to   space 15872K, 0% used [0x00000000f2b80000,0x00000000f2b80000,0x00000000f3b00000)
 ParOldGen       total 242688K, used 24077K [0x0000000080000000, 0x000000008ed00000, 0x00000000d5580000)
  object space 242688K, 9% used [0x0000000080000000,0x0000000081783660,0x000000008ed00000)
 Metaspace       used 71646K, capacity 74824K, committed 75160K, reserved 1114112K
  class space    used 10000K, capacity 10605K, committed 10664K, reserved 1048576K
Event: 7.364 GC heap after
Heap after GC invocations=11 (full 3):
 PSYoungGen      total 402944K, used 15855K [0x00000000d5580000, 0x00000000f3b00000, 0x0000000100000000)
  eden space 387072K, 0% used [0x00000000d5580000,0x00000000d5580000,0x00000000ecf80000)
  from space 15872K, 99% used [0x00000000f2b80000,0x00000000f3afbcb0,0x00000000f3b00000)
  to   space 15872K, 0% used [0x00000000ecf80000,0x00000000ecf80000,0x00000000edf00000)
 ParOldGen       total 242688K, used 50066K [0x0000000080000000, 0x000000008ed00000, 0x00000000d5580000)
  object space 242688K, 20% used [0x0000000080000000,0x00000000830e4bc0,0x000000008ed00000)
 Metaspace       used 71646K, capacity 74824K, committed 75160K, reserved 1114112K
  class space    used 10000K, capacity 10605K, committed 10664K, reserved 1048576K
}

