# JRE version: OpenJDK Runtime Environment (21.0.5) (build 21.0.5+-12932927-b750.29)
# Java VM: OpenJDK 64-Bit Server VM (21.0.5+-12932927-b750.29, mixed mode, tiered, compressed oops, compressed class ptrs, g1 gc, windows-amd64)
GC Precious Log:
 CardTable entry size: 512
 Card Set container configuration: InlinePtr #cards 5 size 8 Array Of Cards #cards 12 size 40 Howl #buckets 4 coarsen threshold 1843 Howl Bitmap #cards 512 size 80 coarsen threshold 460 Card regions per heap region 1 cards per card region 2048
 CPUs: 16 total, 16 available
 Memory: 24270M
 Large Page Support: Disabled
 NUMA Support: Disabled
 Compressed Oops: Enabled (32-bit)
 Heap Region Size: 1M
 Heap Min Capacity: 8M
 Heap Initial Capacity: 380M
 Heap Max Capacity: 2G
 Pre-touch: Disabled
 Parallel Workers: 13
 Concurrent Workers: 3
 Concurrent Refinement Workers: 13
 Periodic GC: Disabled
Heap:
 garbage-first heap   total 331776K, used 186362K [0x0000000080000000, 0x0000000100000000)
  region size 1024K, 65 young (66560K), 4 survivors (4096K)
 Metaspace       used 116209K, committed 118464K, reserved 1179648K
  class space    used 15618K, committed 16768K, reserved 1048576K
GC Heap History (20 events):
Event: 13.787 GC heap before
{Heap before GC invocations=30 (full 0):
 garbage-first heap   total 184320K, used 156494K [0x0000000080000000, 0x0000000100000000)
  region size 1024K, 51 young (52224K), 5 survivors (5120K)
 Metaspace       used 110088K, committed 112256K, reserved 1179648K
  class space    used 15097K, committed 16192K, reserved 1048576K
}
Event: 13.793 GC heap after
{Heap after GC invocations=31 (full 0):
 garbage-first heap   total 184320K, used 112441K [0x0000000080000000, 0x0000000100000000)
  region size 1024K, 4 young (4096K), 4 survivors (4096K)
 Metaspace       used 110088K, committed 112256K, reserved 1179648K
  class space    used 15097K, committed 16192K, reserved 1048576K
}
Event: 14.252 GC heap before
{Heap before GC invocations=31 (full 0):
 garbage-first heap   total 184320K, used 168761K [0x0000000080000000, 0x0000000100000000)
  region size 1024K, 60 young (61440K), 4 survivors (4096K)
 Metaspace       used 110367K, committed 112576K, reserved 1179648K
  class space    used 15134K, committed 16256K, reserved 1048576K
}
Event: 14.260 GC heap after
{Heap after GC invocations=32 (full 0):
 garbage-first heap   total 184320K, used 113123K [0x0000000080000000, 0x0000000100000000)
  region size 1024K, 7 young (7168K), 7 survivors (7168K)
 Metaspace       used 110367K, committed 112576K, reserved 1179648K
  class space    used 15134K, committed 16256K, reserved 1048576K
}
Event: 14.793 GC heap before
{Heap before GC invocations=32 (full 0):
 garbage-first heap   total 184320K, used 165347K [0x0000000080000000, 0x0000000100000000)
  region size 1024K, 59 young (60416K), 7 survivors (7168K)
 Metaspace       used 110731K, committed 112896K, reserved 1179648K
  class space    used 15179K, committed 16256K, reserved 1048576K
}
Event: 14.802 GC heap after
{Heap after GC invocations=33 (full 0):
 garbage-first heap   total 221184K, used 116306K [0x0000000080000000, 0x0000000100000000)
  region size 1024K, 6 young (6144K), 6 survivors (6144K)
 Metaspace       used 110731K, committed 112896K, reserved 1179648K
  class space    used 15179K, committed 16256K, reserved 1048576K
}
Event: 15.332 GC heap before
{Heap before GC invocations=34 (full 0):
 garbage-first heap   total 221184K, used 202322K [0x0000000080000000, 0x0000000100000000)
  region size 1024K, 87 young (89088K), 6 survivors (6144K)
 Metaspace       used 115567K, committed 117760K, reserved 1179648K
  class space    used 15566K, committed 16704K, reserved 1048576K
}
Event: 15.341 GC heap after
{Heap after GC invocations=35 (full 0):
 garbage-first heap   total 221184K, used 124070K [0x0000000080000000, 0x0000000100000000)
  region size 1024K, 11 young (11264K), 11 survivors (11264K)
 Metaspace       used 115567K, committed 117760K, reserved 1179648K
  class space    used 15566K, committed 16704K, reserved 1048576K
}
Event: 15.482 GC heap before
{Heap before GC invocations=35 (full 0):
 garbage-first heap   total 221184K, used 196774K [0x0000000080000000, 0x0000000100000000)
  region size 1024K, 82 young (83968K), 11 survivors (11264K)
 Metaspace       used 115870K, committed 118080K, reserved 1179648K
  class space    used 15574K, committed 16704K, reserved 1048576K
}
Event: 15.492 GC heap after
{Heap after GC invocations=36 (full 0):
 garbage-first heap   total 221184K, used 123870K [0x0000000080000000, 0x0000000100000000)
  region size 1024K, 2 young (2048K), 2 survivors (2048K)
 Metaspace       used 115870K, committed 118080K, reserved 1179648K
  class space    used 15574K, committed 16704K, reserved 1048576K
}
Event: 15.495 GC heap before
{Heap before GC invocations=36 (full 0):
 garbage-first heap   total 221184K, used 124894K [0x0000000080000000, 0x0000000100000000)
  region size 1024K, 4 young (4096K), 2 survivors (2048K)
 Metaspace       used 115870K, committed 118080K, reserved 1179648K
  class space    used 15574K, committed 16704K, reserved 1048576K
}
Event: 15.500 GC heap after
{Heap after GC invocations=37 (full 0):
 garbage-first heap   total 221184K, used 123279K [0x0000000080000000, 0x0000000100000000)
  region size 1024K, 1 young (1024K), 1 survivors (1024K)
 Metaspace       used 115870K, committed 118080K, reserved 1179648K
  class space    used 15574K, committed 16704K, reserved 1048576K
}
Event: 15.656 GC heap before
{Heap before GC invocations=37 (full 0):
 garbage-first heap   total 221184K, used 205199K [0x0000000080000000, 0x0000000100000000)
  region size 1024K, 81 young (82944K), 1 survivors (1024K)
 Metaspace       used 115920K, committed 118144K, reserved 1179648K
  class space    used 15575K, committed 16704K, reserved 1048576K
}
Event: 15.663 GC heap after
{Heap after GC invocations=38 (full 0):
 garbage-first heap   total 221184K, used 128740K [0x0000000080000000, 0x0000000100000000)
  region size 1024K, 7 young (7168K), 7 survivors (7168K)
 Metaspace       used 115920K, committed 118144K, reserved 1179648K
  class space    used 15575K, committed 16704K, reserved 1048576K
}
Event: 15.770 GC heap before
{Heap before GC invocations=39 (full 0):
 garbage-first heap   total 221184K, used 199396K [0x0000000080000000, 0x0000000100000000)
  region size 1024K, 77 young (78848K), 7 survivors (7168K)
 Metaspace       used 115922K, committed 118144K, reserved 1179648K
  class space    used 15575K, committed 16704K, reserved 1048576K
}
Event: 15.773 GC heap after
{Heap after GC invocations=40 (full 0):
 garbage-first heap   total 221184K, used 123876K [0x0000000080000000, 0x0000000100000000)
  region size 1024K, 2 young (2048K), 2 survivors (2048K)
 Metaspace       used 115922K, committed 118144K, reserved 1179648K
  class space    used 15575K, committed 16704K, reserved 1048576K
}
Event: 15.865 GC heap before
{Heap before GC invocations=40 (full 0):
 garbage-first heap   total 221184K, used 204772K [0x0000000080000000, 0x0000000100000000)
  region size 1024K, 82 young (83968K), 2 survivors (2048K)
 Metaspace       used 115973K, committed 118144K, reserved 1179648K
  class space    used 15577K, committed 16704K, reserved 1048576K
}
Event: 15.873 GC heap after
{Heap after GC invocations=41 (full 0):
 garbage-first heap   total 331776K, used 124395K [0x0000000080000000, 0x0000000100000000)
  region size 1024K, 3 young (3072K), 3 survivors (3072K)
 Metaspace       used 115973K, committed 118144K, reserved 1179648K
  class space    used 15577K, committed 16704K, reserved 1048576K
}
Event: 16.309 GC heap before
{Heap before GC invocations=41 (full 0):
 garbage-first heap   total 331776K, used 303595K [0x0000000080000000, 0x0000000100000000)
  region size 1024K, 178 young (182272K), 3 survivors (3072K)
 Metaspace       used 116162K, committed 118400K, reserved 1179648K
  class space    used 15614K, committed 16768K, reserved 1048576K
}
Event: 16.315 GC heap after
{Heap after GC invocations=42 (full 0):
 garbage-first heap   total 331776K, used 124922K [0x0000000080000000, 0x0000000100000000)
  region size 1024K, 4 young (4096K), 4 survivors (4096K)
 Metaspace       used 116162K, committed 118400K, reserved 1179648K
  class space    used 15614K, committed 16768K, reserved 1048576K
}

