# JRE version: OpenJDK Runtime Environment (Zulu 8.80.0.17-CA-win64) (8.0_422-b05) (build 1.8.0_422-b05)
# Java VM: OpenJDK 64-Bit Server VM (25.422-b05 mixed mode windows-amd64 compressed oops)
Heap:
 PSYoungGen      total 473600K, used 26952K [0x00000000d5580000, 0x00000000f3f00000, 0x0000000100000000)
  eden space 455168K, 1% used [0x00000000d5580000,0x00000000d5dd53e0,0x00000000f1200000)
  from space 18432K, 99% used [0x00000000f1200000,0x00000000f23fcc98,0x00000000f2400000)
  to   space 17408K, 0% used [0x00000000f2400000,0x00000000f2400000,0x00000000f3500000)
 ParOldGen       total 223232K, used 55652K [0x0000000080000000, 0x000000008da00000, 0x00000000d5580000)
  object space 223232K, 24% used [0x0000000080000000,0x00000000836591c0,0x000000008da00000)
 Metaspace       used 75339K, capacity 78620K, committed 79000K, reserved 1118208K
  class space    used 10452K, capacity 11089K, committed 11176K, reserved 1048576K
GC Heap History (10 events):
Event: 3.796 GC heap before
{Heap before GC invocations=8 (full 2):
 PSYoungGen      total 324608K, used 8959K [0x00000000d5580000, 0x00000000ea200000, 0x0000000100000000)
  eden space 309760K, 0% used [0x00000000d5580000,0x00000000d5580000,0x00000000e8400000)
  from space 14848K, 60% used [0x00000000e9180000,0x00000000e9a3fdd0,0x00000000ea000000)
  to   space 13824K, 0% used [0x00000000e8400000,0x00000000e8400000,0x00000000e9180000)
 ParOldGen       total 149504K, used 10935K [0x0000000080000000, 0x0000000089200000, 0x00000000d5580000)
  object space 149504K, 7% used [0x0000000080000000,0x0000000080aadfc0,0x0000000089200000)
 Metaspace       used 33630K, capacity 35310K, committed 35496K, reserved 1079296K
  class space    used 4835K, capacity 5181K, committed 5288K, reserved 1048576K
Event: 3.825 GC heap after
Heap after GC invocations=8 (full 2):
 PSYoungGen      total 324608K, used 0K [0x00000000d5580000, 0x00000000ea200000, 0x0000000100000000)
  eden space 309760K, 0% used [0x00000000d5580000,0x00000000d5580000,0x00000000e8400000)
  from space 14848K, 0% used [0x00000000e9180000,0x00000000e9180000,0x00000000ea000000)
  to   space 13824K, 0% used [0x00000000e8400000,0x00000000e8400000,0x00000000e9180000)
 ParOldGen       total 223232K, used 16214K [0x0000000080000000, 0x000000008da00000, 0x00000000d5580000)
  object space 223232K, 7% used [0x0000000080000000,0x0000000080fd5a78,0x000000008da00000)
 Metaspace       used 33630K, capacity 35310K, committed 35496K, reserved 1079296K
  class space    used 4835K, capacity 5181K, committed 5288K, reserved 1048576K
}
Event: 5.349 GC heap before
{Heap before GC invocations=9 (full 2):
 PSYoungGen      total 324608K, used 309760K [0x00000000d5580000, 0x00000000ea200000, 0x0000000100000000)
  eden space 309760K, 100% used [0x00000000d5580000,0x00000000e8400000,0x00000000e8400000)
  from space 14848K, 0% used [0x00000000e9180000,0x00000000e9180000,0x00000000ea000000)
  to   space 13824K, 0% used [0x00000000e8400000,0x00000000e8400000,0x00000000e9180000)
 ParOldGen       total 223232K, used 16214K [0x0000000080000000, 0x000000008da00000, 0x00000000d5580000)
  object space 223232K, 7% used [0x0000000080000000,0x0000000080fd5a78,0x000000008da00000)
 Metaspace       used 46970K, capacity 49690K, committed 49960K, reserved 1091584K
  class space    used 6700K, capacity 7192K, committed 7208K, reserved 1048576K
Event: 5.363 GC heap after
Heap after GC invocations=9 (full 2):
 PSYoungGen      total 323584K, used 13799K [0x00000000d5580000, 0x00000000f3500000, 0x0000000100000000)
  eden space 309760K, 0% used [0x00000000d5580000,0x00000000d5580000,0x00000000e8400000)
  from space 13824K, 99% used [0x00000000e8400000,0x00000000e9179e38,0x00000000e9180000)
  to   space 17408K, 0% used [0x00000000f2400000,0x00000000f2400000,0x00000000f3500000)
 ParOldGen       total 223232K, used 19581K [0x0000000080000000, 0x000000008da00000, 0x00000000d5580000)
  object space 223232K, 8% used [0x0000000080000000,0x000000008131f4a8,0x000000008da00000)
 Metaspace       used 46970K, capacity 49690K, committed 49960K, reserved 1091584K
  class space    used 6700K, capacity 7192K, committed 7208K, reserved 1048576K
}
Event: 5.925 GC heap before
{Heap before GC invocations=10 (full 2):
 PSYoungGen      total 323584K, used 165391K [0x00000000d5580000, 0x00000000f3500000, 0x0000000100000000)
  eden space 309760K, 48% used [0x00000000d5580000,0x00000000de989f50,0x00000000e8400000)
  from space 13824K, 99% used [0x00000000e8400000,0x00000000e9179e38,0x00000000e9180000)
  to   space 17408K, 0% used [0x00000000f2400000,0x00000000f2400000,0x00000000f3500000)
 ParOldGen       total 223232K, used 19581K [0x0000000080000000, 0x000000008da00000, 0x00000000d5580000)
  object space 223232K, 8% used [0x0000000080000000,0x000000008131f4a8,0x000000008da00000)
 Metaspace       used 56083K, capacity 59052K, committed 59160K, reserved 1099776K
  class space    used 8161K, capacity 8729K, committed 8744K, reserved 1048576K
Event: 5.938 GC heap after
Heap after GC invocations=10 (full 2):
 PSYoungGen      total 472576K, used 14625K [0x00000000d5580000, 0x00000000f3f00000, 0x0000000100000000)
  eden space 455168K, 0% used [0x00000000d5580000,0x00000000d5580000,0x00000000f1200000)
  from space 17408K, 84% used [0x00000000f2400000,0x00000000f3248710,0x00000000f3500000)
  to   space 18432K, 0% used [0x00000000f1200000,0x00000000f1200000,0x00000000f2400000)
 ParOldGen       total 223232K, used 19589K [0x0000000080000000, 0x000000008da00000, 0x00000000d5580000)
  object space 223232K, 8% used [0x0000000080000000,0x00000000813214a8,0x000000008da00000)
 Metaspace       used 56083K, capacity 59052K, committed 59160K, reserved 1099776K
  class space    used 8161K, capacity 8729K, committed 8744K, reserved 1048576K
}
Event: 5.938 GC heap before
{Heap before GC invocations=11 (full 3):
 PSYoungGen      total 472576K, used 14625K [0x00000000d5580000, 0x00000000f3f00000, 0x0000000100000000)
  eden space 455168K, 0% used [0x00000000d5580000,0x00000000d5580000,0x00000000f1200000)
  from space 17408K, 84% used [0x00000000f2400000,0x00000000f3248710,0x00000000f3500000)
  to   space 18432K, 0% used [0x00000000f1200000,0x00000000f1200000,0x00000000f2400000)
 ParOldGen       total 223232K, used 19589K [0x0000000080000000, 0x000000008da00000, 0x00000000d5580000)
  object space 223232K, 8% used [0x0000000080000000,0x00000000813214a8,0x000000008da00000)
 Metaspace       used 56083K, capacity 59052K, committed 59160K, reserved 1099776K
  class space    used 8161K, capacity 8729K, committed 8744K, reserved 1048576K
Event: 6.078 GC heap after
Heap after GC invocations=11 (full 3):
 PSYoungGen      total 472576K, used 0K [0x00000000d5580000, 0x00000000f3f00000, 0x0000000100000000)
  eden space 455168K, 0% used [0x00000000d5580000,0x00000000d5580000,0x00000000f1200000)
  from space 17408K, 0% used [0x00000000f2400000,0x00000000f2400000,0x00000000f3500000)
  to   space 18432K, 0% used [0x00000000f1200000,0x00000000f1200000,0x00000000f2400000)
 ParOldGen       total 223232K, used 27115K [0x0000000080000000, 0x000000008da00000, 0x00000000d5580000)
  object space 223232K, 12% used [0x0000000080000000,0x0000000081a7ade0,0x000000008da00000)
 Metaspace       used 56083K, capacity 59052K, committed 59160K, reserved 1099776K
  class space    used 8161K, capacity 8729K, committed 8744K, reserved 1048576K
}
Event: 7.981 GC heap before
{Heap before GC invocations=12 (full 3):
 PSYoungGen      total 472576K, used 455168K [0x00000000d5580000, 0x00000000f3f00000, 0x0000000100000000)
  eden space 455168K, 100% used [0x00000000d5580000,0x00000000f1200000,0x00000000f1200000)
  from space 17408K, 0% used [0x00000000f2400000,0x00000000f2400000,0x00000000f3500000)
  to   space 18432K, 0% used [0x00000000f1200000,0x00000000f1200000,0x00000000f2400000)
 ParOldGen       total 223232K, used 27115K [0x0000000080000000, 0x000000008da00000, 0x00000000d5580000)
  object space 223232K, 12% used [0x0000000080000000,0x0000000081a7ade0,0x000000008da00000)
 Metaspace       used 75321K, capacity 78620K, committed 79000K, reserved 1118208K
  class space    used 10451K, capacity 11089K, committed 11176K, reserved 1048576K
Event: 8.033 GC heap after
Heap after GC invocations=12 (full 3):
 PSYoungGen      total 473600K, used 18419K [0x00000000d5580000, 0x00000000f3f00000, 0x0000000100000000)
  eden space 455168K, 0% used [0x00000000d5580000,0x00000000d5580000,0x00000000f1200000)
  from space 18432K, 99% used [0x00000000f1200000,0x00000000f23fcc98,0x00000000f2400000)
  to   space 17408K, 0% used [0x00000000f2400000,0x00000000f2400000,0x00000000f3500000)
 ParOldGen       total 223232K, used 55652K [0x0000000080000000, 0x000000008da00000, 0x00000000d5580000)
  object space 223232K, 24% used [0x0000000080000000,0x00000000836591c0,0x000000008da00000)
 Metaspace       used 75321K, capacity 78620K, committed 79000K, reserved 1118208K
  class space    used 10451K, capacity 11089K, committed 11176K, reserved 1048576K
}

