# JRE version: OpenJDK Runtime Environment (Zulu 8.80.0.17-CA-win64) (8.0_422-b05) (build 1.8.0_422-b05)
# Java VM: OpenJDK 64-Bit Server VM (25.422-b05 mixed mode windows-amd64 compressed oops)
Heap:
 PSYoungGen      total 16896K, used 14918K [0x00000000feb00000, 0x0000000100000000, 0x0000000100000000)
  eden space 12288K, 100% used [0x00000000feb00000,0x00000000ff700000,0x00000000ff700000)
  from space 4608K, 57% used [0x00000000ffb80000,0x00000000ffe11860,0x0000000100000000)
  to   space 4608K, 0% used [0x00000000ff700000,0x00000000ff700000,0x00000000ffb80000)
 ParOldGen       total 44032K, used 5061K [0x00000000fc000000, 0x00000000feb00000, 0x00000000feb00000)
  object space 44032K, 11% used [0x00000000fc000000,0x00000000fc4f15c0,0x00000000feb00000)
 Metaspace       used 14505K, capacity 14872K, committed 15104K, reserved 1062912K
  class space    used 1903K, capacity 2046K, committed 2048K, reserved 1048576K
GC Heap History (10 events):
Event: 0.484 GC heap before
{Heap before GC invocations=4 (full 0):
 PSYoungGen      total 18944K, used 18928K [0x00000000feb00000, 0x0000000100000000, 0x0000000100000000)
  eden space 16384K, 100% used [0x00000000feb00000,0x00000000ffb00000,0x00000000ffb00000)
  from space 2560K, 99% used [0x00000000ffb00000,0x00000000ffd7c398,0x00000000ffd80000)
  to   space 2560K, 0% used [0x00000000ffd80000,0x00000000ffd80000,0x0000000100000000)
 ParOldGen       total 44032K, used 303K [0x00000000fc000000, 0x00000000feb00000, 0x00000000feb00000)
  object space 44032K, 0% used [0x00000000fc000000,0x00000000fc04be90,0x00000000feb00000)
 Metaspace       used 8561K, capacity 8850K, committed 8960K, reserved 1056768K
  class space    used 1077K, capacity 1185K, committed 1280K, reserved 1048576K
Event: 0.487 GC heap after
Heap after GC invocations=4 (full 0):
 PSYoungGen      total 18944K, used 2533K [0x00000000feb00000, 0x0000000100000000, 0x0000000100000000)
  eden space 16384K, 0% used [0x00000000feb00000,0x00000000feb00000,0x00000000ffb00000)
  from space 2560K, 98% used [0x00000000ffd80000,0x00000000ffff9410,0x0000000100000000)
  to   space 2560K, 0% used [0x00000000ffb00000,0x00000000ffb00000,0x00000000ffd80000)
 ParOldGen       total 44032K, used 851K [0x00000000fc000000, 0x00000000feb00000, 0x00000000feb00000)
  object space 44032K, 1% used [0x00000000fc000000,0x00000000fc0d4e10,0x00000000feb00000)
 Metaspace       used 8561K, capacity 8850K, committed 8960K, reserved 1056768K
  class space    used 1077K, capacity 1185K, committed 1280K, reserved 1048576K
}
Event: 0.555 GC heap before
{Heap before GC invocations=5 (full 0):
 PSYoungGen      total 18944K, used 18917K [0x00000000feb00000, 0x0000000100000000, 0x0000000100000000)
  eden space 16384K, 100% used [0x00000000feb00000,0x00000000ffb00000,0x00000000ffb00000)
  from space 2560K, 98% used [0x00000000ffd80000,0x00000000ffff9410,0x0000000100000000)
  to   space 2560K, 0% used [0x00000000ffb00000,0x00000000ffb00000,0x00000000ffd80000)
 ParOldGen       total 44032K, used 851K [0x00000000fc000000, 0x00000000feb00000, 0x00000000feb00000)
  object space 44032K, 1% used [0x00000000fc000000,0x00000000fc0d4e10,0x00000000feb00000)
 Metaspace       used 9666K, capacity 9950K, committed 10112K, reserved 1058816K
  class space    used 1259K, capacity 1381K, committed 1408K, reserved 1048576K
Event: 0.558 GC heap after
Heap after GC invocations=5 (full 0):
 PSYoungGen      total 18944K, used 2528K [0x00000000feb00000, 0x0000000100000000, 0x0000000100000000)
  eden space 16384K, 0% used [0x00000000feb00000,0x00000000feb00000,0x00000000ffb00000)
  from space 2560K, 98% used [0x00000000ffb00000,0x00000000ffd78020,0x00000000ffd80000)
  to   space 2560K, 0% used [0x00000000ffd80000,0x00000000ffd80000,0x0000000100000000)
 ParOldGen       total 44032K, used 1760K [0x00000000fc000000, 0x00000000feb00000, 0x00000000feb00000)
  object space 44032K, 3% used [0x00000000fc000000,0x00000000fc1b8068,0x00000000feb00000)
 Metaspace       used 9666K, capacity 9950K, committed 10112K, reserved 1058816K
  class space    used 1259K, capacity 1381K, committed 1408K, reserved 1048576K
}
Event: 0.632 GC heap before
{Heap before GC invocations=6 (full 0):
 PSYoungGen      total 18944K, used 18912K [0x00000000feb00000, 0x0000000100000000, 0x0000000100000000)
  eden space 16384K, 100% used [0x00000000feb00000,0x00000000ffb00000,0x00000000ffb00000)
  from space 2560K, 98% used [0x00000000ffb00000,0x00000000ffd78020,0x00000000ffd80000)
  to   space 2560K, 0% used [0x00000000ffd80000,0x00000000ffd80000,0x0000000100000000)
 ParOldGen       total 44032K, used 1760K [0x00000000fc000000, 0x00000000feb00000, 0x00000000feb00000)
  object space 44032K, 3% used [0x00000000fc000000,0x00000000fc1b8068,0x00000000feb00000)
 Metaspace       used 11364K, capacity 11618K, committed 11904K, reserved 1058816K
  class space    used 1491K, capacity 1595K, committed 1664K, reserved 1048576K
Event: 0.634 GC heap after
Heap after GC invocations=6 (full 0):
 PSYoungGen      total 14848K, used 2544K [0x00000000feb00000, 0x0000000100000000, 0x0000000100000000)
  eden space 12288K, 0% used [0x00000000feb00000,0x00000000feb00000,0x00000000ff700000)
  from space 2560K, 99% used [0x00000000ffd80000,0x00000000ffffc030,0x0000000100000000)
  to   space 4608K, 0% used [0x00000000ff700000,0x00000000ff700000,0x00000000ffb80000)
 ParOldGen       total 44032K, used 3117K [0x00000000fc000000, 0x00000000feb00000, 0x00000000feb00000)
  object space 44032K, 7% used [0x00000000fc000000,0x00000000fc30b530,0x00000000feb00000)
 Metaspace       used 11364K, capacity 11618K, committed 11904K, reserved 1058816K
  class space    used 1491K, capacity 1595K, committed 1664K, reserved 1048576K
}
Event: 0.673 GC heap before
{Heap before GC invocations=7 (full 0):
 PSYoungGen      total 14848K, used 14832K [0x00000000feb00000, 0x0000000100000000, 0x0000000100000000)
  eden space 12288K, 100% used [0x00000000feb00000,0x00000000ff700000,0x00000000ff700000)
  from space 2560K, 99% used [0x00000000ffd80000,0x00000000ffffc030,0x0000000100000000)
  to   space 4608K, 0% used [0x00000000ff700000,0x00000000ff700000,0x00000000ffb80000)
 ParOldGen       total 44032K, used 3117K [0x00000000fc000000, 0x00000000feb00000, 0x00000000feb00000)
  object space 44032K, 7% used [0x00000000fc000000,0x00000000fc30b530,0x00000000feb00000)
 Metaspace       used 11965K, capacity 12292K, committed 12544K, reserved 1060864K
  class space    used 1597K, capacity 1730K, committed 1792K, reserved 1048576K
Event: 0.675 GC heap after
Heap after GC invocations=7 (full 0):
 PSYoungGen      total 16896K, used 2341K [0x00000000feb00000, 0x0000000100000000, 0x0000000100000000)
  eden space 12288K, 0% used [0x00000000feb00000,0x00000000feb00000,0x00000000ff700000)
  from space 4608K, 50% used [0x00000000ff700000,0x00000000ff949610,0x00000000ffb80000)
  to   space 4608K, 0% used [0x00000000ffb80000,0x00000000ffb80000,0x0000000100000000)
 ParOldGen       total 44032K, used 4197K [0x00000000fc000000, 0x00000000feb00000, 0x00000000feb00000)
  object space 44032K, 9% used [0x00000000fc000000,0x00000000fc419580,0x00000000feb00000)
 Metaspace       used 11965K, capacity 12292K, committed 12544K, reserved 1060864K
  class space    used 1597K, capacity 1730K, committed 1792K, reserved 1048576K
}
Event: 1.127 GC heap before
{Heap before GC invocations=8 (full 0):
 PSYoungGen      total 16896K, used 14629K [0x00000000feb00000, 0x0000000100000000, 0x0000000100000000)
  eden space 12288K, 100% used [0x00000000feb00000,0x00000000ff700000,0x00000000ff700000)
  from space 4608K, 50% used [0x00000000ff700000,0x00000000ff949610,0x00000000ffb80000)
  to   space 4608K, 0% used [0x00000000ffb80000,0x00000000ffb80000,0x0000000100000000)
 ParOldGen       total 44032K, used 4197K [0x00000000fc000000, 0x00000000feb00000, 0x00000000feb00000)
  object space 44032K, 9% used [0x00000000fc000000,0x00000000fc419580,0x00000000feb00000)
 Metaspace       used 13164K, capacity 13558K, committed 13696K, reserved 1060864K
  class space    used 1726K, capacity 1869K, committed 1920K, reserved 1048576K
Event: 1.129 GC heap after
Heap after GC invocations=8 (full 0):
 PSYoungGen      total 16896K, used 2630K [0x00000000feb00000, 0x0000000100000000, 0x0000000100000000)
  eden space 12288K, 0% used [0x00000000feb00000,0x00000000feb00000,0x00000000ff700000)
  from space 4608K, 57% used [0x00000000ffb80000,0x00000000ffe11860,0x0000000100000000)
  to   space 4608K, 0% used [0x00000000ff700000,0x00000000ff700000,0x00000000ffb80000)
 ParOldGen       total 44032K, used 5061K [0x00000000fc000000, 0x00000000feb00000, 0x00000000feb00000)
  object space 44032K, 11% used [0x00000000fc000000,0x00000000fc4f15c0,0x00000000feb00000)
 Metaspace       used 13164K, capacity 13558K, committed 13696K, reserved 1060864K
  class space    used 1726K, capacity 1869K, committed 1920K, reserved 1048576K
}

